[ERROR] [2013-06-20 10:01:31]  [play.Logger] -

@6ek91ebk4
Internal Server Error (500) for request POST /users/login?x-http-method-override=POST

Execution exception (In /app/controllers/Users.java around line 74)
RuntimeException occured : java.util.concurrent.ExecutionException: java.net.ConnectException: Connection refused: no further information to http://localhost:9800/api/loginWithoutCryp?u=wujw&p=123456&mac=E06F05EA4E7d&pid=2

play.exceptions.JavaExecutionException: java.util.concurrent.ExecutionException: java.net.ConnectException: Connection refused: no further information to http://localhost:9800/api/loginWithoutCryp?u=wujw&p=123456&mac=E06F05EA4E7d&pid=2
	at play.mvc.ActionInvoker.invoke(ActionInvoker.java:237)
	at Invocation.HTTP Request(Play!)
Caused by: java.lang.RuntimeException: java.util.concurrent.ExecutionException: java.net.ConnectException: Connection refused: no further information to http://localhost:9800/api/loginWithoutCryp?u=wujw&p=123456&mac=E06F05EA4E7d&pid=2
	at play.libs.ws.WSAsync$WSAsyncRequest.get(WSAsync.java:215)
	at controllers.Users.login(Users.java:74)
	at play.mvc.ActionInvoker.invokeWithContinuation(ActionInvoker.java:557)
	at play.mvc.ActionInvoker.invoke(ActionInvoker.java:508)
	at play.mvc.ActionInvoker.invokeControllerMethod(ActionInvoker.java:484)
	at play.mvc.ActionInvoker.invokeControllerMethod(ActionInvoker.java:479)
	at play.mvc.ActionInvoker.invoke(ActionInvoker.java:161)
	... 1 more
Caused by: java.util.concurrent.ExecutionException: java.net.ConnectException: Connection refused: no further information to http://localhost:9800/api/loginWithoutCryp?u=wujw&p=123456&mac=E06F05EA4E7d&pid=2
	at com.ning.http.client.providers.netty.NettyResponseFuture.abort(NettyResponseFuture.java:297)
	at com.ning.http.client.providers.netty.NettyConnectListener.operationComplete(NettyConnectListener.java:104)
	at org.jboss.netty.channel.DefaultChannelFuture.notifyListener(DefaultChannelFuture.java:428)
	at org.jboss.netty.channel.DefaultChannelFuture.notifyListeners(DefaultChannelFuture.java:419)
	at org.jboss.netty.channel.DefaultChannelFuture.setFailure(DefaultChannelFuture.java:381)
	at org.jboss.netty.channel.socket.nio.NioClientSocketPipelineSink$Boss.processSelectedKeys(NioClientSocketPipelineSink.java:400)
	at org.jboss.netty.channel.socket.nio.NioClientSocketPipelineSink$Boss.run(NioClientSocketPipelineSink.java:312)
	at org.jboss.netty.util.ThreadRenamingRunnable.run(ThreadRenamingRunnable.java:102)
	at org.jboss.netty.util.internal.DeadLockProofWorker$1.run(DeadLockProofWorker.java:42)
	at java.util.concurrent.ThreadPoolExecutor$Worker.runTask(ThreadPoolExecutor.java:886)
	at java.util.concurrent.ThreadPoolExecutor$Worker.run(ThreadPoolExecutor.java:908)
	at java.lang.Thread.run(Thread.java:662)
Caused by: java.net.ConnectException: Connection refused: no further information to http://localhost:9800/api/loginWithoutCryp?u=wujw&p=123456&mac=E06F05EA4E7d&pid=2
	at com.ning.http.client.providers.netty.NettyConnectListener.operationComplete(NettyConnectListener.java:100)
	... 10 more
Caused by: java.net.ConnectException: Connection refused: no further information
	at sun.nio.ch.SocketChannelImpl.checkConnect(Native Method)
	at sun.nio.ch.SocketChannelImpl.finishConnect(SocketChannelImpl.java:574)
	at org.jboss.netty.channel.socket.nio.NioClientSocketPipelineSink$Boss.connect(NioClientSocketPipelineSink.java:440)
	at org.jboss.netty.channel.socket.nio.NioClientSocketPipelineSink$Boss.processSelectedKeys(NioClientSocketPipelineSink.java:396)
	at org.jboss.netty.channel.socket.nio.NioClientSocketPipelineSink$Boss.run(NioClientSocketPipelineSink.java:312)
	... 3 more
[ERROR] [2013-06-20 10:03:14]  [play.Logger] -

@6ek91ebk5
Internal Server Error (500) for request POST /users/login?x-http-method-override=POST

Execution exception (In /app/controllers/Users.java around line 74)
RuntimeException occured : java.util.concurrent.ExecutionException: java.net.ConnectException: Connection refused: no further information to http://localhost:9800/api/loginWithoutCryp?u=wujw&p=123456&mac=E06F05EA4E7d&pid=2

play.exceptions.JavaExecutionException: java.util.concurrent.ExecutionException: java.net.ConnectException: Connection refused: no further information to http://localhost:9800/api/loginWithoutCryp?u=wujw&p=123456&mac=E06F05EA4E7d&pid=2
	at play.mvc.ActionInvoker.invoke(ActionInvoker.java:237)
	at Invocation.HTTP Request(Play!)
Caused by: java.lang.RuntimeException: java.util.concurrent.ExecutionException: java.net.ConnectException: Connection refused: no further information to http://localhost:9800/api/loginWithoutCryp?u=wujw&p=123456&mac=E06F05EA4E7d&pid=2
	at play.libs.ws.WSAsync$WSAsyncRequest.get(WSAsync.java:215)
	at controllers.Users.login(Users.java:74)
	at play.mvc.ActionInvoker.invokeWithContinuation(ActionInvoker.java:557)
	at play.mvc.ActionInvoker.invoke(ActionInvoker.java:508)
	at play.mvc.ActionInvoker.invokeControllerMethod(ActionInvoker.java:484)
	at play.mvc.ActionInvoker.invokeControllerMethod(ActionInvoker.java:479)
	at play.mvc.ActionInvoker.invoke(ActionInvoker.java:161)
	... 1 more
Caused by: java.util.concurrent.ExecutionException: java.net.ConnectException: Connection refused: no further information to http://localhost:9800/api/loginWithoutCryp?u=wujw&p=123456&mac=E06F05EA4E7d&pid=2
	at com.ning.http.client.providers.netty.NettyResponseFuture.abort(NettyResponseFuture.java:297)
	at com.ning.http.client.providers.netty.NettyConnectListener.operationComplete(NettyConnectListener.java:104)
	at org.jboss.netty.channel.DefaultChannelFuture.notifyListener(DefaultChannelFuture.java:428)
	at org.jboss.netty.channel.DefaultChannelFuture.notifyListeners(DefaultChannelFuture.java:419)
	at org.jboss.netty.channel.DefaultChannelFuture.setFailure(DefaultChannelFuture.java:381)
	at org.jboss.netty.channel.socket.nio.NioClientSocketPipelineSink$Boss.processSelectedKeys(NioClientSocketPipelineSink.java:400)
	at org.jboss.netty.channel.socket.nio.NioClientSocketPipelineSink$Boss.run(NioClientSocketPipelineSink.java:312)
	at org.jboss.netty.util.ThreadRenamingRunnable.run(ThreadRenamingRunnable.java:102)
	at org.jboss.netty.util.internal.DeadLockProofWorker$1.run(DeadLockProofWorker.java:42)
	at java.util.concurrent.ThreadPoolExecutor$Worker.runTask(ThreadPoolExecutor.java:886)
	at java.util.concurrent.ThreadPoolExecutor$Worker.run(ThreadPoolExecutor.java:908)
	at java.lang.Thread.run(Thread.java:662)
Caused by: java.net.ConnectException: Connection refused: no further information to http://localhost:9800/api/loginWithoutCryp?u=wujw&p=123456&mac=E06F05EA4E7d&pid=2
	at com.ning.http.client.providers.netty.NettyConnectListener.operationComplete(NettyConnectListener.java:100)
	... 10 more
Caused by: java.net.ConnectException: Connection refused: no further information
	at sun.nio.ch.SocketChannelImpl.checkConnect(Native Method)
	at sun.nio.ch.SocketChannelImpl.finishConnect(SocketChannelImpl.java:574)
	at org.jboss.netty.channel.socket.nio.NioClientSocketPipelineSink$Boss.connect(NioClientSocketPipelineSink.java:440)
	at org.jboss.netty.channel.socket.nio.NioClientSocketPipelineSink$Boss.processSelectedKeys(NioClientSocketPipelineSink.java:396)
	at org.jboss.netty.channel.socket.nio.NioClientSocketPipelineSink$Boss.run(NioClientSocketPipelineSink.java:312)
	... 3 more
[ERROR] [2013-06-20 10:06:51]  [play.Logger] -Could not bind on port 9000
