[ INFO] [2013-07-11 09:17:45]  [play.Logger] -Starting D:\www\iQuant\manage
[ INFO] [2013-07-11 09:17:46]  [play.Logger] -Module redis is available (D:\www\iQuant\manage\modules\redis-0.3)
[ INFO] [2013-07-11 09:17:46]  [play.Logger] -Module excel is available (D:\www\iQuant\manage\modules\excel-1.2.3)
[ INFO] [2013-07-11 09:17:46]  [play.Logger] -Module common is available (D:\www\iQuant\manage\..\common)
[ INFO] [2013-07-11 09:17:46]  [play.Logger] -Module qicdoc is available (D:\www\iQuant\manage\..\qicdoc)
[ WARN] [2013-07-11 09:17:47]  [play.Logger] -You're running Play! in DEV mode
[ INFO] [2013-07-11 09:17:47]  [play.Logger] -Listening for HTTP on port 9500 (Waiting a first request to start) ...
[ INFO] [2013-07-11 09:22:53]  [play.Logger] -Connecting to redis with redis://localhost:6379
[ INFO] [2013-07-11 09:22:53]  [play.Logger] -sql==/* mysql-connector-java-5.1.20 ( Revision: tonci.grgin@oracle.com-20111003110438-qfydx066wsbydkbw ) */SHOW VARIABLES WHERE Variable_name ='language' OR Variable_name = 'net_write_timeout' OR Variable_name = 'interactive_timeout' OR Variable_name = 'wait_timeout' OR Variable_name = 'character_set_client' OR Variable_name = 'character_set_connection' OR Variable_name = 'character_set' OR Variable_name = 'character_set_server' OR Variable_name = 'tx_isolation' OR Variable_name = 'transaction_isolation' OR Variable_name = 'character_set_results' OR Variable_name = 'timezone' OR Variable_name = 'time_zone' OR Variable_name = 'system_time_zone' OR Variable_name = 'lower_case_table_names' OR Variable_name = 'max_allowed_packet' OR Variable_name = 'net_buffer_length' OR Variable_name = 'sql_mode' OR Variable_name = 'query_cache_type' OR Variable_name = 'query_cache_size' OR Variable_name = 'init_connect'
[ INFO] [2013-07-11 09:22:53]  [play.Logger] -sql==SHOW WARNINGS
[ INFO] [2013-07-11 09:22:53]  [play.Logger] -sql==/* mysql-connector-java-5.1.20 ( Revision: tonci.grgin@oracle.com-20111003110438-qfydx066wsbydkbw ) */SELECT @@session.auto_increment_increment
[ INFO] [2013-07-11 09:22:53]  [play.Logger] -sql==SHOW COLLATION
[ INFO] [2013-07-11 09:22:53]  [play.Logger] -sql==SET NAMES utf8
[ INFO] [2013-07-11 09:22:53]  [play.Logger] -sql==SET character_set_results = NULL
[ INFO] [2013-07-11 09:22:53]  [play.Logger] -sql==SET collation_connection = utf8_general_ci
[ INFO] [2013-07-11 09:22:53]  [play.Logger] -sql==SET autocommit=1
[ INFO] [2013-07-11 09:22:54]  [play.Logger] -sql==/* mysql-connector-java-5.1.20 ( Revision: tonci.grgin@oracle.com-20111003110438-qfydx066wsbydkbw ) */SHOW VARIABLES WHERE Variable_name ='language' OR Variable_name = 'net_write_timeout' OR Variable_name = 'interactive_timeout' OR Variable_name = 'wait_timeout' OR Variable_name = 'character_set_client' OR Variable_name = 'character_set_connection' OR Variable_name = 'character_set' OR Variable_name = 'character_set_server' OR Variable_name = 'tx_isolation' OR Variable_name = 'transaction_isolation' OR Variable_name = 'character_set_results' OR Variable_name = 'timezone' OR Variable_name = 'time_zone' OR Variable_name = 'system_time_zone' OR Variable_name = 'lower_case_table_names' OR Variable_name = 'max_allowed_packet' OR Variable_name = 'net_buffer_length' OR Variable_name = 'sql_mode' OR Variable_name = 'query_cache_type' OR Variable_name = 'query_cache_size' OR Variable_name = 'init_connect'
[ INFO] [2013-07-11 09:22:54]  [play.Logger] -sql==/* mysql-connector-java-5.1.20 ( Revision: tonci.grgin@oracle.com-20111003110438-qfydx066wsbydkbw ) */SHOW VARIABLES WHERE Variable_name ='language' OR Variable_name = 'net_write_timeout' OR Variable_name = 'interactive_timeout' OR Variable_name = 'wait_timeout' OR Variable_name = 'character_set_client' OR Variable_name = 'character_set_connection' OR Variable_name = 'character_set' OR Variable_name = 'character_set_server' OR Variable_name = 'tx_isolation' OR Variable_name = 'transaction_isolation' OR Variable_name = 'character_set_results' OR Variable_name = 'timezone' OR Variable_name = 'time_zone' OR Variable_name = 'system_time_zone' OR Variable_name = 'lower_case_table_names' OR Variable_name = 'max_allowed_packet' OR Variable_name = 'net_buffer_length' OR Variable_name = 'sql_mode' OR Variable_name = 'query_cache_type' OR Variable_name = 'query_cache_size' OR Variable_name = 'init_connect'
[ INFO] [2013-07-11 09:22:54]  [play.Logger] -sql==/* mysql-connector-java-5.1.20 ( Revision: tonci.grgin@oracle.com-20111003110438-qfydx066wsbydkbw ) */SHOW VARIABLES WHERE Variable_name ='language' OR Variable_name = 'net_write_timeout' OR Variable_name = 'interactive_timeout' OR Variable_name = 'wait_timeout' OR Variable_name = 'character_set_client' OR Variable_name = 'character_set_connection' OR Variable_name = 'character_set' OR Variable_name = 'character_set_server' OR Variable_name = 'tx_isolation' OR Variable_name = 'transaction_isolation' OR Variable_name = 'character_set_results' OR Variable_name = 'timezone' OR Variable_name = 'time_zone' OR Variable_name = 'system_time_zone' OR Variable_name = 'lower_case_table_names' OR Variable_name = 'max_allowed_packet' OR Variable_name = 'net_buffer_length' OR Variable_name = 'sql_mode' OR Variable_name = 'query_cache_type' OR Variable_name = 'query_cache_size' OR Variable_name = 'init_connect'
[ INFO] [2013-07-11 09:22:54]  [play.Logger] -sql==SHOW WARNINGS
[ INFO] [2013-07-11 09:22:54]  [play.Logger] -sql==SHOW WARNINGS
[ INFO] [2013-07-11 09:22:54]  [play.Logger] -sql==SHOW WARNINGS
[ INFO] [2013-07-11 09:22:54]  [play.Logger] -sql==/* mysql-connector-java-5.1.20 ( Revision: tonci.grgin@oracle.com-20111003110438-qfydx066wsbydkbw ) */SELECT @@session.auto_increment_increment
[ INFO] [2013-07-11 09:22:54]  [play.Logger] -sql==SHOW COLLATION
[ INFO] [2013-07-11 09:22:54]  [play.Logger] -sql==/* mysql-connector-java-5.1.20 ( Revision: tonci.grgin@oracle.com-20111003110438-qfydx066wsbydkbw ) */SELECT @@session.auto_increment_increment
[ INFO] [2013-07-11 09:22:54]  [play.Logger] -sql==SHOW COLLATION
[ INFO] [2013-07-11 09:22:54]  [play.Logger] -sql==SET NAMES utf8
[ INFO] [2013-07-11 09:22:54]  [play.Logger] -sql==/* mysql-connector-java-5.1.20 ( Revision: tonci.grgin@oracle.com-20111003110438-qfydx066wsbydkbw ) */SELECT @@session.auto_increment_increment
[ INFO] [2013-07-11 09:22:54]  [play.Logger] -sql==SET character_set_results = NULL
[ INFO] [2013-07-11 09:22:54]  [play.Logger] -sql==SHOW COLLATION
[ INFO] [2013-07-11 09:22:54]  [play.Logger] -sql==SET collation_connection = utf8_general_ci
[ INFO] [2013-07-11 09:22:54]  [play.Logger] -sql==SET NAMES utf8
[ INFO] [2013-07-11 09:22:54]  [play.Logger] -sql==SET autocommit=1
[ INFO] [2013-07-11 09:22:54]  [play.Logger] -sql==SET character_set_results = NULL
[ INFO] [2013-07-11 09:22:54]  [play.Logger] -sql==SET NAMES utf8
[ INFO] [2013-07-11 09:22:54]  [play.Logger] -sql==SET collation_connection = utf8_general_ci
[ INFO] [2013-07-11 09:22:54]  [play.Logger] -sql==SET character_set_results = NULL
[ INFO] [2013-07-11 09:22:54]  [play.Logger] -sql==SET autocommit=1
[ INFO] [2013-07-11 09:22:54]  [play.Logger] -sql==SET collation_connection = utf8_general_ci
[ INFO] [2013-07-11 09:22:54]  [play.Logger] -sql==SELECT @@session.tx_isolation
[ INFO] [2013-07-11 09:22:54]  [play.Logger] -sql==SELECT @@session.tx_isolation
[ INFO] [2013-07-11 09:22:54]  [play.Logger] -sql==SET autocommit=1
[ INFO] [2013-07-11 09:22:54]  [play.Logger] -sql==SELECT @@session.tx_isolation
[ INFO] [2013-07-11 09:22:54]  [play.Logger] -Connected to jdbc:mysql://localhost/qic_db?useUnicode=yes&characterEncoding=UTF-8&zeroDateTimeBehavior=convertToNull&connectionCollation=utf8_general_ci&statementInterceptors=com.tom.mysql.ShowSqlStatementInterceptor
[ INFO] [2013-07-11 09:22:54]  [play.Logger] -sql==/* mysql-connector-java-5.1.20 ( Revision: tonci.grgin@oracle.com-20111003110438-qfydx066wsbydkbw ) */SHOW VARIABLES WHERE Variable_name ='language' OR Variable_name = 'net_write_timeout' OR Variable_name = 'interactive_timeout' OR Variable_name = 'wait_timeout' OR Variable_name = 'character_set_client' OR Variable_name = 'character_set_connection' OR Variable_name = 'character_set' OR Variable_name = 'character_set_server' OR Variable_name = 'tx_isolation' OR Variable_name = 'transaction_isolation' OR Variable_name = 'character_set_results' OR Variable_name = 'timezone' OR Variable_name = 'time_zone' OR Variable_name = 'system_time_zone' OR Variable_name = 'lower_case_table_names' OR Variable_name = 'max_allowed_packet' OR Variable_name = 'net_buffer_length' OR Variable_name = 'sql_mode' OR Variable_name = 'query_cache_type' OR Variable_name = 'query_cache_size' OR Variable_name = 'init_connect'
[ INFO] [2013-07-11 09:22:54]  [play.Logger] -sql==SHOW WARNINGS
[ INFO] [2013-07-11 09:22:54]  [play.Logger] -sql==/* mysql-connector-java-5.1.20 ( Revision: tonci.grgin@oracle.com-20111003110438-qfydx066wsbydkbw ) */SELECT @@session.auto_increment_increment
[ INFO] [2013-07-11 09:22:54]  [play.Logger] -sql==SHOW COLLATION
[ INFO] [2013-07-11 09:22:54]  [play.Logger] -sql==SET NAMES utf8
[ INFO] [2013-07-11 09:22:54]  [play.Logger] -sql==SET character_set_results = NULL
[ INFO] [2013-07-11 09:22:54]  [play.Logger] -sql==SET collation_connection = utf8_general_ci
[ INFO] [2013-07-11 09:22:54]  [play.Logger] -sql==SET autocommit=1
[ INFO] [2013-07-11 09:22:54]  [play.Logger] -sql==/* mysql-connector-java-5.1.20 ( Revision: tonci.grgin@oracle.com-20111003110438-qfydx066wsbydkbw ) */SHOW VARIABLES WHERE Variable_name ='language' OR Variable_name = 'net_write_timeout' OR Variable_name = 'interactive_timeout' OR Variable_name = 'wait_timeout' OR Variable_name = 'character_set_client' OR Variable_name = 'character_set_connection' OR Variable_name = 'character_set' OR Variable_name = 'character_set_server' OR Variable_name = 'tx_isolation' OR Variable_name = 'transaction_isolation' OR Variable_name = 'character_set_results' OR Variable_name = 'timezone' OR Variable_name = 'time_zone' OR Variable_name = 'system_time_zone' OR Variable_name = 'lower_case_table_names' OR Variable_name = 'max_allowed_packet' OR Variable_name = 'net_buffer_length' OR Variable_name = 'sql_mode' OR Variable_name = 'query_cache_type' OR Variable_name = 'query_cache_size' OR Variable_name = 'init_connect'
[ INFO] [2013-07-11 09:22:54]  [play.Logger] -sql==/* mysql-connector-java-5.1.20 ( Revision: tonci.grgin@oracle.com-20111003110438-qfydx066wsbydkbw ) */SHOW VARIABLES WHERE Variable_name ='language' OR Variable_name = 'net_write_timeout' OR Variable_name = 'interactive_timeout' OR Variable_name = 'wait_timeout' OR Variable_name = 'character_set_client' OR Variable_name = 'character_set_connection' OR Variable_name = 'character_set' OR Variable_name = 'character_set_server' OR Variable_name = 'tx_isolation' OR Variable_name = 'transaction_isolation' OR Variable_name = 'character_set_results' OR Variable_name = 'timezone' OR Variable_name = 'time_zone' OR Variable_name = 'system_time_zone' OR Variable_name = 'lower_case_table_names' OR Variable_name = 'max_allowed_packet' OR Variable_name = 'net_buffer_length' OR Variable_name = 'sql_mode' OR Variable_name = 'query_cache_type' OR Variable_name = 'query_cache_size' OR Variable_name = 'init_connect'
[ INFO] [2013-07-11 09:22:54]  [play.Logger] -sql==SHOW WARNINGS
[ INFO] [2013-07-11 09:22:54]  [play.Logger] -sql==/* mysql-connector-java-5.1.20 ( Revision: tonci.grgin@oracle.com-20111003110438-qfydx066wsbydkbw ) */SELECT @@session.auto_increment_increment
[ INFO] [2013-07-11 09:22:54]  [play.Logger] -sql==SHOW WARNINGS
[ INFO] [2013-07-11 09:22:54]  [play.Logger] -sql==SHOW COLLATION
[ INFO] [2013-07-11 09:22:54]  [play.Logger] -sql==/* mysql-connector-java-5.1.20 ( Revision: tonci.grgin@oracle.com-20111003110438-qfydx066wsbydkbw ) */SELECT @@session.auto_increment_increment
[ INFO] [2013-07-11 09:22:54]  [play.Logger] -sql==/* mysql-connector-java-5.1.20 ( Revision: tonci.grgin@oracle.com-20111003110438-qfydx066wsbydkbw ) */SHOW VARIABLES WHERE Variable_name ='language' OR Variable_name = 'net_write_timeout' OR Variable_name = 'interactive_timeout' OR Variable_name = 'wait_timeout' OR Variable_name = 'character_set_client' OR Variable_name = 'character_set_connection' OR Variable_name = 'character_set' OR Variable_name = 'character_set_server' OR Variable_name = 'tx_isolation' OR Variable_name = 'transaction_isolation' OR Variable_name = 'character_set_results' OR Variable_name = 'timezone' OR Variable_name = 'time_zone' OR Variable_name = 'system_time_zone' OR Variable_name = 'lower_case_table_names' OR Variable_name = 'max_allowed_packet' OR Variable_name = 'net_buffer_length' OR Variable_name = 'sql_mode' OR Variable_name = 'query_cache_type' OR Variable_name = 'query_cache_size' OR Variable_name = 'init_connect'
[ INFO] [2013-07-11 09:22:54]  [play.Logger] -sql==SET NAMES utf8
[ INFO] [2013-07-11 09:22:54]  [play.Logger] -sql==SHOW COLLATION
[ INFO] [2013-07-11 09:22:54]  [play.Logger] -sql==SET character_set_results = NULL
[ INFO] [2013-07-11 09:22:54]  [play.Logger] -sql==SET collation_connection = utf8_general_ci
[ INFO] [2013-07-11 09:22:54]  [play.Logger] -sql==SET autocommit=1
[ INFO] [2013-07-11 09:22:54]  [play.Logger] -sql==SELECT @@session.tx_isolation
[ INFO] [2013-07-11 09:22:54]  [play.Logger] -Connected to jdbc:mysql://localhost/qicore?useUnicode=yes&characterEncoding=UTF-8&connectionCollation=utf8_general_ci&zeroDateTimeBehavior=convertToNull&statementInterceptors=com.tom.mysql.ShowSqlStatementInterceptor
[ INFO] [2013-07-11 09:22:54]  [play.Logger] -sql==SHOW WARNINGS
[ INFO] [2013-07-11 09:22:54]  [play.Logger] -sql==SET NAMES utf8
[ INFO] [2013-07-11 09:22:54]  [play.Logger] -sql==/* mysql-connector-java-5.1.20 ( Revision: tonci.grgin@oracle.com-20111003110438-qfydx066wsbydkbw ) */SELECT @@session.auto_increment_increment
[ INFO] [2013-07-11 09:22:54]  [play.Logger] -sql==SHOW COLLATION
[ INFO] [2013-07-11 09:22:54]  [play.Logger] -sql==SET character_set_results = NULL
[ INFO] [2013-07-11 09:22:54]  [play.Logger] -sql==SET collation_connection = utf8_general_ci
[ INFO] [2013-07-11 09:22:54]  [play.Logger] -sql==SET NAMES utf8
[ INFO] [2013-07-11 09:22:54]  [play.Logger] -sql==SET autocommit=1
[ INFO] [2013-07-11 09:22:54]  [play.Logger] -sql==/* mysql-connector-java-5.1.20 ( Revision: tonci.grgin@oracle.com-20111003110438-qfydx066wsbydkbw ) */SHOW VARIABLES WHERE Variable_name ='language' OR Variable_name = 'net_write_timeout' OR Variable_name = 'interactive_timeout' OR Variable_name = 'wait_timeout' OR Variable_name = 'character_set_client' OR Variable_name = 'character_set_connection' OR Variable_name = 'character_set' OR Variable_name = 'character_set_server' OR Variable_name = 'tx_isolation' OR Variable_name = 'transaction_isolation' OR Variable_name = 'character_set_results' OR Variable_name = 'timezone' OR Variable_name = 'time_zone' OR Variable_name = 'system_time_zone' OR Variable_name = 'lower_case_table_names' OR Variable_name = 'max_allowed_packet' OR Variable_name = 'net_buffer_length' OR Variable_name = 'sql_mode' OR Variable_name = 'query_cache_type' OR Variable_name = 'query_cache_size' OR Variable_name = 'init_connect'
[ INFO] [2013-07-11 09:22:54]  [play.Logger] -sql==SELECT @@session.tx_isolation
[ INFO] [2013-07-11 09:22:54]  [play.Logger] -sql==SHOW WARNINGS
[ INFO] [2013-07-11 09:22:54]  [play.Logger] -sql==SET character_set_results = NULL
[ INFO] [2013-07-11 09:22:54]  [play.Logger] -sql==SET collation_connection = utf8_general_ci
[ INFO] [2013-07-11 09:22:54]  [play.Logger] -sql==/* mysql-connector-java-5.1.20 ( Revision: tonci.grgin@oracle.com-20111003110438-qfydx066wsbydkbw ) */SELECT @@session.auto_increment_increment
[ INFO] [2013-07-11 09:22:54]  [play.Logger] -sql==SET autocommit=1
[ INFO] [2013-07-11 09:22:54]  [play.Logger] -sql==SHOW COLLATION
[ INFO] [2013-07-11 09:22:54]  [play.Logger] -sql==SELECT @@session.tx_isolation
[ INFO] [2013-07-11 09:22:54]  [play.Logger] -sql==SET NAMES utf8
[ INFO] [2013-07-11 09:22:54]  [play.Logger] -sql==SET character_set_results = NULL
[ INFO] [2013-07-11 09:22:54]  [play.Logger] -sql==SET collation_connection = utf8_general_ci
[ INFO] [2013-07-11 09:22:54]  [play.Logger] -sql==SET autocommit=1
[ INFO] [2013-07-11 09:22:54]  [play.Logger] -sql==/* mysql-connector-java-5.1.20 ( Revision: tonci.grgin@oracle.com-20111003110438-qfydx066wsbydkbw ) */SHOW VARIABLES WHERE Variable_name ='language' OR Variable_name = 'net_write_timeout' OR Variable_name = 'interactive_timeout' OR Variable_name = 'wait_timeout' OR Variable_name = 'character_set_client' OR Variable_name = 'character_set_connection' OR Variable_name = 'character_set' OR Variable_name = 'character_set_server' OR Variable_name = 'tx_isolation' OR Variable_name = 'transaction_isolation' OR Variable_name = 'character_set_results' OR Variable_name = 'timezone' OR Variable_name = 'time_zone' OR Variable_name = 'system_time_zone' OR Variable_name = 'lower_case_table_names' OR Variable_name = 'max_allowed_packet' OR Variable_name = 'net_buffer_length' OR Variable_name = 'sql_mode' OR Variable_name = 'query_cache_type' OR Variable_name = 'query_cache_size' OR Variable_name = 'init_connect'
[ INFO] [2013-07-11 09:22:54]  [play.Logger] -sql==/* mysql-connector-java-5.1.20 ( Revision: tonci.grgin@oracle.com-20111003110438-qfydx066wsbydkbw ) */SHOW VARIABLES WHERE Variable_name ='language' OR Variable_name = 'net_write_timeout' OR Variable_name = 'interactive_timeout' OR Variable_name = 'wait_timeout' OR Variable_name = 'character_set_client' OR Variable_name = 'character_set_connection' OR Variable_name = 'character_set' OR Variable_name = 'character_set_server' OR Variable_name = 'tx_isolation' OR Variable_name = 'transaction_isolation' OR Variable_name = 'character_set_results' OR Variable_name = 'timezone' OR Variable_name = 'time_zone' OR Variable_name = 'system_time_zone' OR Variable_name = 'lower_case_table_names' OR Variable_name = 'max_allowed_packet' OR Variable_name = 'net_buffer_length' OR Variable_name = 'sql_mode' OR Variable_name = 'query_cache_type' OR Variable_name = 'query_cache_size' OR Variable_name = 'init_connect'
[ INFO] [2013-07-11 09:22:54]  [play.Logger] -sql==/* mysql-connector-java-5.1.20 ( Revision: tonci.grgin@oracle.com-20111003110438-qfydx066wsbydkbw ) */SHOW VARIABLES WHERE Variable_name ='language' OR Variable_name = 'net_write_timeout' OR Variable_name = 'interactive_timeout' OR Variable_name = 'wait_timeout' OR Variable_name = 'character_set_client' OR Variable_name = 'character_set_connection' OR Variable_name = 'character_set' OR Variable_name = 'character_set_server' OR Variable_name = 'tx_isolation' OR Variable_name = 'transaction_isolation' OR Variable_name = 'character_set_results' OR Variable_name = 'timezone' OR Variable_name = 'time_zone' OR Variable_name = 'system_time_zone' OR Variable_name = 'lower_case_table_names' OR Variable_name = 'max_allowed_packet' OR Variable_name = 'net_buffer_length' OR Variable_name = 'sql_mode' OR Variable_name = 'query_cache_type' OR Variable_name = 'query_cache_size' OR Variable_name = 'init_connect'
[ INFO] [2013-07-11 09:22:54]  [play.Logger] -sql==SHOW WARNINGS
[ INFO] [2013-07-11 09:22:54]  [play.Logger] -sql==SHOW WARNINGS
[ INFO] [2013-07-11 09:22:54]  [play.Logger] -sql==SHOW WARNINGS
[ INFO] [2013-07-11 09:22:54]  [play.Logger] -sql==/* mysql-connector-java-5.1.20 ( Revision: tonci.grgin@oracle.com-20111003110438-qfydx066wsbydkbw ) */SELECT @@session.auto_increment_increment
[ INFO] [2013-07-11 09:22:54]  [play.Logger] -sql==/* mysql-connector-java-5.1.20 ( Revision: tonci.grgin@oracle.com-20111003110438-qfydx066wsbydkbw ) */SELECT @@session.auto_increment_increment
[ INFO] [2013-07-11 09:22:54]  [play.Logger] -sql==SHOW COLLATION
[ INFO] [2013-07-11 09:22:54]  [play.Logger] -sql==SHOW COLLATION
[ INFO] [2013-07-11 09:22:54]  [play.Logger] -sql==/* mysql-connector-java-5.1.20 ( Revision: tonci.grgin@oracle.com-20111003110438-qfydx066wsbydkbw ) */SELECT @@session.auto_increment_increment
[ INFO] [2013-07-11 09:22:54]  [play.Logger] -sql==SHOW COLLATION
[ INFO] [2013-07-11 09:22:54]  [play.Logger] -sql==SET NAMES utf8
[ INFO] [2013-07-11 09:22:54]  [play.Logger] -sql==SET character_set_results = NULL
[ INFO] [2013-07-11 09:22:54]  [play.Logger] -sql==SET collation_connection = utf8_general_ci
[ INFO] [2013-07-11 09:22:54]  [play.Logger] -sql==SET NAMES utf8
[ INFO] [2013-07-11 09:22:54]  [play.Logger] -sql==SET autocommit=1
[ INFO] [2013-07-11 09:22:54]  [play.Logger] -sql==SET NAMES utf8
[ INFO] [2013-07-11 09:22:54]  [play.Logger] -sql==SELECT @@session.tx_isolation
[ INFO] [2013-07-11 09:22:54]  [play.Logger] -sql==SET character_set_results = NULL
[ INFO] [2013-07-11 09:22:54]  [play.Logger] -sql==SET character_set_results = NULL
[ INFO] [2013-07-11 09:22:54]  [play.Logger] -sql==SET collation_connection = utf8_general_ci
[ INFO] [2013-07-11 09:22:54]  [play.Logger] -sql==SET collation_connection = utf8_general_ci
[ INFO] [2013-07-11 09:22:54]  [play.Logger] -Connected to jdbc:mysql://localhost/qsm?useUnicode=yes&characterEncoding=UTF-8&connectionCollation=utf8_general_ci&zeroDateTimeBehavior=convertToNull&statementInterceptors=com.tom.mysql.ShowSqlStatementInterceptor
[ INFO] [2013-07-11 09:22:54]  [play.Logger] -sql==SET autocommit=1
[ INFO] [2013-07-11 09:22:54]  [play.Logger] -sql==SET autocommit=1
[ INFO] [2013-07-11 09:22:54]  [play.Logger] -sql==SELECT @@session.tx_isolation
[ INFO] [2013-07-11 09:22:54]  [play.Logger] -sql==SELECT @@session.tx_isolation
[ INFO] [2013-07-11 09:22:54]  [org.hibernate.annotations.common.Version] -HCANN000001: Hibernate Commons Annotations {4.0.1.Final}
[ INFO] [2013-07-11 09:22:54]  [org.hibernate.Version] -HHH000412: Hibernate Core {4.1.3.Final}
[ INFO] [2013-07-11 09:22:54]  [org.hibernate.cfg.Environment] -HHH000206: hibernate.properties not found
[ INFO] [2013-07-11 09:22:54]  [org.hibernate.cfg.Environment] -HHH000021: Bytecode provider name : javassist
[ INFO] [2013-07-11 09:22:55]  [org.hibernate.service.jdbc.connections.internal.ConnectionProviderInitiator] -HHH000130: Instantiating explicit connection provider: org.hibernate.service.jdbc.connections.internal.DatasourceConnectionProviderImpl
[ INFO] [2013-07-11 09:22:55]  [org.hibernate.dialect.Dialect] -HHH000400: Using dialect: play.db.jpa.MySQLDialect
[ INFO] [2013-07-11 09:22:55]  [org.hibernate.engine.jdbc.internal.LobCreatorBuilder] -HHH000424: Disabling contextual LOB creation as createClob() method threw error : java.lang.reflect.InvocationTargetException
[ INFO] [2013-07-11 09:22:55]  [org.hibernate.engine.transaction.internal.TransactionFactoryInitiator] -HHH000399: Using default transaction strategy (direct JDBC transactions)
[ INFO] [2013-07-11 09:22:55]  [org.hibernate.hql.internal.ast.ASTQueryTranslatorFactory] -HHH000397: Using ASTQueryTranslatorFactory
[ INFO] [2013-07-11 09:22:56]  [play.Logger] -Application 'manage' is now started !
[ INFO] [2013-07-11 09:22:56]  [play.Logger] -loading sql from  module[common]
[ INFO] [2013-07-11 09:22:57]  [play.Logger] -sql==SET autocommit=0
[ INFO] [2013-07-11 09:22:57]  [play.Logger] -sql==
    SELECT
        id,
        key_name 'key',
        key_value value                     
    FROM
        config_manage
[ INFO] [2013-07-11 09:22:57]  [play.Logger] -sql==commit
[ INFO] [2013-07-11 09:22:57]  [play.Logger] -sql==SET autocommit=1
[ INFO] [2013-07-11 09:23:07]  [play.Logger] -登陆处理返回json对象:{"success":true,"token":"249adeb34c22cc2a206db82a93db3c60eedea4a80da1d42fd53488323a3a73391bd01e326ad19a66882b033be4f0ea85"}
[ INFO] [2013-07-11 13:25:09]  [play.Logger] -Starting D:\www\iQuant\manage
[ INFO] [2013-07-11 13:25:14]  [play.Logger] -Module redis is available (D:\www\iQuant\manage\modules\redis-0.3)
[ INFO] [2013-07-11 13:25:14]  [play.Logger] -Module excel is available (D:\www\iQuant\manage\modules\excel-1.2.3)
[ INFO] [2013-07-11 13:25:14]  [play.Logger] -Module common is available (D:\www\iQuant\manage\..\common)
[ INFO] [2013-07-11 13:25:14]  [play.Logger] -Module qicdoc is available (D:\www\iQuant\manage\..\qicdoc)
[ WARN] [2013-07-11 13:25:16]  [play.Logger] -You're running Play! in DEV mode
[ INFO] [2013-07-11 13:25:17]  [play.Logger] -Listening for HTTP on port 9500 (Waiting a first request to start) ...
