[ERROR] [2013-06-26 15:02:09]  [play.Logger] -

@6em25bh1d
Error during job execution (job.common.ClearCacheJob)

Execution exception (In {module:common}/app/job/common/ClearCacheJob.java around line 24)
JedisConnectionException occured : Could not get a resource from the pool

play.exceptions.JavaExecutionException: Could not get a resource from the pool
	at play.jobs.Job.call(Job.java:155)
	at java.util.concurrent.FutureTask$Sync.innerRun(FutureTask.java:303)
	at java.util.concurrent.FutureTask.run(FutureTask.java:138)
	at java.util.concurrent.ScheduledThreadPoolExecutor$ScheduledFutureTask.access$301(ScheduledThreadPoolExecutor.java:98)
	at java.util.concurrent.ScheduledThreadPoolExecutor$ScheduledFutureTask.run(ScheduledThreadPoolExecutor.java:206)
	at java.util.concurrent.ThreadPoolExecutor$Worker.runTask(ThreadPoolExecutor.java:886)
	at java.util.concurrent.ThreadPoolExecutor$Worker.run(ThreadPoolExecutor.java:908)
	at java.lang.Thread.run(Thread.java:662)
Caused by: redis.clients.jedis.exceptions.JedisConnectionException: Could not get a resource from the pool
	at redis.clients.util.Pool.getResource(Pool.java:22)
	at play.modules.redis.RedisConnectionManager.getRawConnectionInternal(RedisConnectionManager.java:40)
	at play.modules.redis.Redis.keys(Redis.java:501)
	at job.common.ClearCacheJob.clearPrevilegeFromRedis(ClearCacheJob.java:24)
	at job.common.ClearCacheJob.doJob(ClearCacheJob.java:19)
	at play.jobs.Job.doJobWithResult(Job.java:50)
	at play.jobs.Job.call(Job.java:146)
	... 7 more
Caused by: redis.clients.jedis.exceptions.JedisConnectionException: java.net.ConnectException: Connection refused: connect
	at redis.clients.jedis.Connection.connect(Connection.java:124)
	at redis.clients.jedis.BinaryClient.connect(BinaryClient.java:54)
	at redis.clients.jedis.BinaryJedis.connect(BinaryJedis.java:1657)
	at redis.clients.jedis.JedisPool$JedisFactory.makeObject(JedisPool.java:63)
	at org.apache.commons.pool.impl.GenericObjectPool.borrowObject(GenericObjectPool.java:1158)
	at redis.clients.util.Pool.getResource(Pool.java:20)
	... 13 more
Caused by: java.net.ConnectException: Connection refused: connect
	at java.net.PlainSocketImpl.socketConnect(Native Method)
	at java.net.PlainSocketImpl.doConnect(PlainSocketImpl.java:333)
	at java.net.PlainSocketImpl.connectToAddress(PlainSocketImpl.java:195)
	at java.net.PlainSocketImpl.connect(PlainSocketImpl.java:182)
	at java.net.SocksSocketImpl.connect(SocksSocketImpl.java:366)
	at java.net.Socket.connect(Socket.java:529)
	at redis.clients.jedis.Connection.connect(Connection.java:119)
	... 18 more
[ERROR] [2013-06-26 15:02:41]  [play.Logger] -

@6em25bh1e
Internal Server Error (500) for request GET /activateuser/list

Execution exception (In {module:common}/app/business/UserInfoBaseService.java around line 171)
UncheckedExecutionException occured : redis.clients.jedis.exceptions.JedisConnectionException: Could not get a resource from the pool

play.exceptions.JavaExecutionException: redis.clients.jedis.exceptions.JedisConnectionException: Could not get a resource from the pool
	at play.mvc.ActionInvoker.invoke(ActionInvoker.java:237)
	at Invocation.HTTP Request(Play!)
Caused by: com.google.common.util.concurrent.UncheckedExecutionException: redis.clients.jedis.exceptions.JedisConnectionException: Could not get a resource from the pool
	at com.google.common.cache.LocalCache$Segment.get(LocalCache.java:2263)
	at com.google.common.cache.LocalCache.get(LocalCache.java:4000)
	at com.google.common.cache.LocalCache.getOrLoad(LocalCache.java:4004)
	at com.google.common.cache.LocalCache$LocalLoadingCache.get(LocalCache.java:4874)
	at business.UserInfoBaseService$PrevilegeRemoteCache.getUserRoles(UserInfoBaseService.java:171)
	at business.UserInfoBaseService.getUserFunctionInfo(UserInfoBaseService.java:43)
	at util.SimpleFunctionAuth.hasPrivilege(SimpleFunctionAuth.java:29)
	at util.FunctionAuthManager.auth(FunctionAuthManager.java:11)
	at controllers.common.FunctionInterceptor.doAuth(FunctionInterceptor.java:27)
	at play.mvc.ActionInvoker.invoke(ActionInvoker.java:510)
	at play.mvc.ActionInvoker.invokeControllerMethod(ActionInvoker.java:484)
	at play.mvc.ActionInvoker.invokeControllerMethod(ActionInvoker.java:479)
	at play.mvc.ActionInvoker.handleBefores(ActionInvoker.java:328)
	at play.mvc.ActionInvoker.invoke(ActionInvoker.java:142)
	... 1 more
Caused by: redis.clients.jedis.exceptions.JedisConnectionException: Could not get a resource from the pool
	at redis.clients.util.Pool.getResource(Pool.java:22)
	at play.modules.redis.RedisConnectionManager.getRawConnectionInternal(RedisConnectionManager.java:40)
	at play.modules.redis.RedisConnectionManager.getRawConnectionFromShard(RedisConnectionManager.java:47)
	at play.modules.redis.Redis.get(Redis.java:267)
	at business.UserInfoBaseService$PrevilegeRemoteCache$1.load(UserInfoBaseService.java:115)
	at business.UserInfoBaseService$PrevilegeRemoteCache$1.load(UserInfoBaseService.java:1)
	at com.google.common.cache.LocalCache$LoadingValueReference.loadFuture(LocalCache.java:3599)
	at com.google.common.cache.LocalCache$Segment.loadSync(LocalCache.java:2379)
	at com.google.common.cache.LocalCache$Segment.lockedGetOrLoad(LocalCache.java:2342)
	at com.google.common.cache.LocalCache$Segment.get(LocalCache.java:2257)
	... 14 more
Caused by: redis.clients.jedis.exceptions.JedisConnectionException: java.net.ConnectException: Connection refused: connect
	at redis.clients.jedis.Connection.connect(Connection.java:124)
	at redis.clients.jedis.BinaryClient.connect(BinaryClient.java:54)
	at redis.clients.jedis.BinaryJedis.connect(BinaryJedis.java:1657)
	at redis.clients.jedis.JedisPool$JedisFactory.makeObject(JedisPool.java:63)
	at org.apache.commons.pool.impl.GenericObjectPool.borrowObject(GenericObjectPool.java:1158)
	at redis.clients.util.Pool.getResource(Pool.java:20)
	... 23 more
Caused by: java.net.ConnectException: Connection refused: connect
	at java.net.PlainSocketImpl.socketConnect(Native Method)
	at java.net.PlainSocketImpl.doConnect(PlainSocketImpl.java:333)
	at java.net.PlainSocketImpl.connectToAddress(PlainSocketImpl.java:195)
	at java.net.PlainSocketImpl.connect(PlainSocketImpl.java:182)
	at java.net.SocksSocketImpl.connect(SocksSocketImpl.java:366)
	at java.net.Socket.connect(Socket.java:529)
	at redis.clients.jedis.Connection.connect(Connection.java:119)
	... 28 more
