[ INFO] [2013-07-17 14:39:34]  [play.Logger] -Starting D:\www\iQuant\manage
[ INFO] [2013-07-17 14:39:35]  [play.Logger] -Module redis is available (D:\www\iQuant\manage\modules\redis-0.3)
[ INFO] [2013-07-17 14:39:35]  [play.Logger] -Module excel is available (D:\www\iQuant\manage\modules\excel-1.2.3)
[ INFO] [2013-07-17 14:39:35]  [play.Logger] -Module common is available (D:\www\iQuant\manage\..\common)
[ INFO] [2013-07-17 14:39:35]  [play.Logger] -Module qicdoc is available (D:\www\iQuant\manage\..\qicdoc)
[ WARN] [2013-07-17 14:39:37]  [play.Logger] -You're running Play! in DEV mode
[ INFO] [2013-07-17 14:39:37]  [play.Logger] -Listening for HTTP on port 9500 (Waiting a first request to start) ...
[ INFO] [2013-07-17 14:40:26]  [play.Logger] -Starting D:\www\iQuant\manage
[ INFO] [2013-07-17 14:40:27]  [play.Logger] -Module redis is available (D:\www\iQuant\manage\modules\redis-0.3)
[ INFO] [2013-07-17 14:40:27]  [play.Logger] -Module excel is available (D:\www\iQuant\manage\modules\excel-1.2.3)
[ INFO] [2013-07-17 14:40:27]  [play.Logger] -Module common is available (D:\www\iQuant\manage\..\common)
[ INFO] [2013-07-17 14:40:27]  [play.Logger] -Module qicdoc is available (D:\www\iQuant\manage\..\qicdoc)
[ WARN] [2013-07-17 14:40:28]  [play.Logger] -You're running Play! in DEV mode
[ INFO] [2013-07-17 14:40:28]  [play.Logger] -Listening for HTTP on port 9500 (Waiting a first request to start) ...
[ INFO] [2013-07-17 14:41:07]  [play.Logger] -Starting D:\www\iQuant\manage
[ INFO] [2013-07-17 14:41:08]  [play.Logger] -Module redis is available (D:\www\iQuant\manage\modules\redis-0.3)
[ INFO] [2013-07-17 14:41:08]  [play.Logger] -Module excel is available (D:\www\iQuant\manage\modules\excel-1.2.3)
[ INFO] [2013-07-17 14:41:08]  [play.Logger] -Module common is available (D:\www\iQuant\manage\..\common)
[ INFO] [2013-07-17 14:41:08]  [play.Logger] -Module qicdoc is available (D:\www\iQuant\manage\..\qicdoc)
[ WARN] [2013-07-17 14:41:09]  [play.Logger] -You're running Play! in DEV mode
[ INFO] [2013-07-17 14:41:09]  [play.Logger] -Listening for HTTP on port 9500 (Waiting a first request to start) ...
[ INFO] [2013-07-17 15:35:39]  [play.Logger] -Starting D:\www\iQuant\manage
[ INFO] [2013-07-17 15:35:40]  [play.Logger] -Module redis is available (D:\www\iQuant\manage\modules\redis-0.3)
[ INFO] [2013-07-17 15:35:40]  [play.Logger] -Module excel is available (D:\www\iQuant\manage\modules\excel-1.2.3)
[ INFO] [2013-07-17 15:35:40]  [play.Logger] -Module common is available (D:\www\iQuant\manage\..\common)
[ INFO] [2013-07-17 15:35:40]  [play.Logger] -Module qicdoc is available (D:\www\iQuant\manage\..\qicdoc)
[ WARN] [2013-07-17 15:35:41]  [play.Logger] -You're running Play! in DEV mode
[ERROR] [2013-07-17 15:35:41]  [play.Logger] -Could not bind on port 9500
[DEBUG] [2013-07-17 15:36:04]  [play.Logger] -ignoring method: public static models.common.StrategyBaseDto$TradeType.valueOf(java.lang.String) (local vars numbers differs : 1 != 0)
[DEBUG] [2013-07-17 15:36:05]  [play.Logger] -ignoring method: public static models.common.BackTestServerDto$ServerStatusEnum.valueOf(java.lang.String) (local vars numbers differs : 1 != 0)
[DEBUG] [2013-07-17 15:36:05]  [play.Logger] -ignoring method: public volatile helpers.CheatSheetHelper$2.compare(java.lang.Object,java.lang.Object) (local vars numbers differs : 2 != -1)
[DEBUG] [2013-07-17 15:36:05]  [play.Logger] -ignoring method: public static dto.BackTestServerDto$ServerStatusEnum.valueOf(java.lang.String) (local vars numbers differs : 1 != 0)
[DEBUG] [2013-07-17 15:36:06]  [play.Logger] -ignoring method: public volatile controllers.ExcelControllerHelper$1.invoke(java.lang.Object) (local vars numbers differs : 1 != -1)
[DEBUG] [2013-07-17 15:36:06]  [play.Logger] -ignoring method: public static dto.UserInfoDto$UserStatus.valueOf(java.lang.String) (local vars numbers differs : 1 != 0)
[DEBUG] [2013-07-17 15:36:06]  [play.Logger] -ignoring method: public static dto.BackTestServerDto$ServerTypeEnum.valueOf(java.lang.String) (local vars numbers differs : 1 != 0)
[DEBUG] [2013-07-17 15:36:08]  [play.Logger] -ignoring method: public volatile business.UserInfoBaseService$PrevilegeLocalCache$2.load(java.lang.Object) (local vars numbers differs : 1 != -1)
[DEBUG] [2013-07-17 15:36:08]  [play.Logger] -ignoring method: public volatile business.UserInfoBaseService$PrevilegeLocalCache$1.load(java.lang.Object) (local vars numbers differs : 1 != -1)
[DEBUG] [2013-07-17 15:36:08]  [play.Logger] -ignoring method: public static models.common.StrategyDto$StrategyType.valueOf(java.lang.String) (local vars numbers differs : 1 != 0)
[DEBUG] [2013-07-17 15:36:08]  [play.Logger] -ignoring method: public static models.common.BackTestServerDto$ServerTypeEnum.valueOf(java.lang.String) (local vars numbers differs : 1 != 0)
[DEBUG] [2013-07-17 15:36:08]  [play.Logger] -ignoring method: public volatile dbutils.MapRowProcessor$CaseInsensitiveHashMap.put(java.lang.Object,java.lang.Object) (local vars numbers differs : 2 != -1)
[DEBUG] [2013-07-17 15:36:08]  [play.Logger] -ignoring method: public static models.common.StrategyDto$StrategyStatus.valueOf(java.lang.String) (local vars numbers differs : 1 != 0)
[DEBUG] [2013-07-17 15:36:08]  [play.Logger] -ignoring method: public static models.common.UserInfo$UserStatus.valueOf(java.lang.String) (local vars numbers differs : 1 != 0)
[DEBUG] [2013-07-17 15:36:08]  [play.Logger] -ignoring method: public volatile controllers.BackTestServers$2.doJobWithResult() (local vars numbers differs : 0 != -1)
[DEBUG] [2013-07-17 15:36:08]  [play.Logger] -ignoring method: public volatile controllers.BackTestServers$1.doJobWithResult() (local vars numbers differs : 0 != -1)
[DEBUG] [2013-07-17 15:36:09]  [play.Logger] -ignoring method: public static models.common.StrategyBaseDto$TradeVariety.valueOf(java.lang.String) (local vars numbers differs : 1 != 0)
[DEBUG] [2013-07-17 15:36:09]  [play.Logger] -ignoring method: public static models.common.StrategyBaseDto$StrategyStatus.valueOf(java.lang.String) (local vars numbers differs : 1 != 0)
[DEBUG] [2013-07-17 15:36:10]  [play.Logger] -ignoring method: public volatile util.HighChartDataType$1.serialize(java.lang.Object,java.lang.reflect.Type,com.google.gson.JsonSerializationContext) (local vars numbers differs : 3 != -1)
[DEBUG] [2013-07-17 15:36:11]  [play.Logger] -ignoring method: static util.JPAHibernateUtil.access$1(org.hibernate.Query,java.lang.String) (local vars numbers differs : 2 != 0)
[DEBUG] [2013-07-17 15:36:11]  [play.Logger] -ignoring method: public volatile business.UserInfoBaseService$PrevilegeRemoteCache$2.load(java.lang.Object) (local vars numbers differs : 1 != -1)
[DEBUG] [2013-07-17 15:36:11]  [play.Logger] -ignoring method: public volatile business.UserInfoBaseService$PrevilegeRemoteCache$1.load(java.lang.Object) (local vars numbers differs : 1 != -1)
[DEBUG] [2013-07-17 15:36:12]  [play.Logger] -ignoring method: public static models.common.StrategyDto$TradeVariety.valueOf(java.lang.String) (local vars numbers differs : 1 != 0)
[DEBUG] [2013-07-17 15:36:12]  [play.Logger] -ignoring method: public static models.common.StrategyDto$TradeType.valueOf(java.lang.String) (local vars numbers differs : 1 != 0)
[ INFO] [2013-07-17 15:36:13]  [play.Logger] -Connecting to redis with redis://localhost:6379
[ INFO] [2013-07-17 15:36:13]  [play.Logger] -sql==/* mysql-connector-java-5.1.20 ( Revision: tonci.grgin@oracle.com-20111003110438-qfydx066wsbydkbw ) */SHOW VARIABLES WHERE Variable_name ='language' OR Variable_name = 'net_write_timeout' OR Variable_name = 'interactive_timeout' OR Variable_name = 'wait_timeout' OR Variable_name = 'character_set_client' OR Variable_name = 'character_set_connection' OR Variable_name = 'character_set' OR Variable_name = 'character_set_server' OR Variable_name = 'tx_isolation' OR Variable_name = 'transaction_isolation' OR Variable_name = 'character_set_results' OR Variable_name = 'timezone' OR Variable_name = 'time_zone' OR Variable_name = 'system_time_zone' OR Variable_name = 'lower_case_table_names' OR Variable_name = 'max_allowed_packet' OR Variable_name = 'net_buffer_length' OR Variable_name = 'sql_mode' OR Variable_name = 'query_cache_type' OR Variable_name = 'query_cache_size' OR Variable_name = 'init_connect'
[ INFO] [2013-07-17 15:36:13]  [play.Logger] -sql==SHOW WARNINGS
[ INFO] [2013-07-17 15:36:13]  [play.Logger] -sql==/* mysql-connector-java-5.1.20 ( Revision: tonci.grgin@oracle.com-20111003110438-qfydx066wsbydkbw ) */SELECT @@session.auto_increment_increment
[ INFO] [2013-07-17 15:36:14]  [play.Logger] -sql==SHOW COLLATION
[ INFO] [2013-07-17 15:36:14]  [play.Logger] -sql==SET NAMES utf8
[ INFO] [2013-07-17 15:36:14]  [play.Logger] -sql==SET character_set_results = NULL
[ INFO] [2013-07-17 15:36:14]  [play.Logger] -sql==SET collation_connection = utf8_general_ci
[ INFO] [2013-07-17 15:36:14]  [play.Logger] -sql==SET autocommit=1
[ INFO] [2013-07-17 15:36:14]  [play.Logger] -sql==/* mysql-connector-java-5.1.20 ( Revision: tonci.grgin@oracle.com-20111003110438-qfydx066wsbydkbw ) */SHOW VARIABLES WHERE Variable_name ='language' OR Variable_name = 'net_write_timeout' OR Variable_name = 'interactive_timeout' OR Variable_name = 'wait_timeout' OR Variable_name = 'character_set_client' OR Variable_name = 'character_set_connection' OR Variable_name = 'character_set' OR Variable_name = 'character_set_server' OR Variable_name = 'tx_isolation' OR Variable_name = 'transaction_isolation' OR Variable_name = 'character_set_results' OR Variable_name = 'timezone' OR Variable_name = 'time_zone' OR Variable_name = 'system_time_zone' OR Variable_name = 'lower_case_table_names' OR Variable_name = 'max_allowed_packet' OR Variable_name = 'net_buffer_length' OR Variable_name = 'sql_mode' OR Variable_name = 'query_cache_type' OR Variable_name = 'query_cache_size' OR Variable_name = 'init_connect'
[ INFO] [2013-07-17 15:36:14]  [play.Logger] -sql==/* mysql-connector-java-5.1.20 ( Revision: tonci.grgin@oracle.com-20111003110438-qfydx066wsbydkbw ) */SHOW VARIABLES WHERE Variable_name ='language' OR Variable_name = 'net_write_timeout' OR Variable_name = 'interactive_timeout' OR Variable_name = 'wait_timeout' OR Variable_name = 'character_set_client' OR Variable_name = 'character_set_connection' OR Variable_name = 'character_set' OR Variable_name = 'character_set_server' OR Variable_name = 'tx_isolation' OR Variable_name = 'transaction_isolation' OR Variable_name = 'character_set_results' OR Variable_name = 'timezone' OR Variable_name = 'time_zone' OR Variable_name = 'system_time_zone' OR Variable_name = 'lower_case_table_names' OR Variable_name = 'max_allowed_packet' OR Variable_name = 'net_buffer_length' OR Variable_name = 'sql_mode' OR Variable_name = 'query_cache_type' OR Variable_name = 'query_cache_size' OR Variable_name = 'init_connect'
[ INFO] [2013-07-17 15:36:14]  [play.Logger] -sql==SHOW WARNINGS
[ INFO] [2013-07-17 15:36:14]  [play.Logger] -sql==/* mysql-connector-java-5.1.20 ( Revision: tonci.grgin@oracle.com-20111003110438-qfydx066wsbydkbw ) */SHOW VARIABLES WHERE Variable_name ='language' OR Variable_name = 'net_write_timeout' OR Variable_name = 'interactive_timeout' OR Variable_name = 'wait_timeout' OR Variable_name = 'character_set_client' OR Variable_name = 'character_set_connection' OR Variable_name = 'character_set' OR Variable_name = 'character_set_server' OR Variable_name = 'tx_isolation' OR Variable_name = 'transaction_isolation' OR Variable_name = 'character_set_results' OR Variable_name = 'timezone' OR Variable_name = 'time_zone' OR Variable_name = 'system_time_zone' OR Variable_name = 'lower_case_table_names' OR Variable_name = 'max_allowed_packet' OR Variable_name = 'net_buffer_length' OR Variable_name = 'sql_mode' OR Variable_name = 'query_cache_type' OR Variable_name = 'query_cache_size' OR Variable_name = 'init_connect'
[ INFO] [2013-07-17 15:36:14]  [play.Logger] -sql==/* mysql-connector-java-5.1.20 ( Revision: tonci.grgin@oracle.com-20111003110438-qfydx066wsbydkbw ) */SELECT @@session.auto_increment_increment
[ INFO] [2013-07-17 15:36:14]  [play.Logger] -sql==SHOW WARNINGS
[ INFO] [2013-07-17 15:36:14]  [play.Logger] -sql==SHOW COLLATION
[ INFO] [2013-07-17 15:36:14]  [play.Logger] -sql==/* mysql-connector-java-5.1.20 ( Revision: tonci.grgin@oracle.com-20111003110438-qfydx066wsbydkbw ) */SELECT @@session.auto_increment_increment
[ INFO] [2013-07-17 15:36:14]  [play.Logger] -sql==SHOW WARNINGS
[ INFO] [2013-07-17 15:36:14]  [play.Logger] -sql==/* mysql-connector-java-5.1.20 ( Revision: tonci.grgin@oracle.com-20111003110438-qfydx066wsbydkbw ) */SELECT @@session.auto_increment_increment
[ INFO] [2013-07-17 15:36:14]  [play.Logger] -sql==SHOW COLLATION
[ INFO] [2013-07-17 15:36:14]  [play.Logger] -sql==SET NAMES utf8
[ INFO] [2013-07-17 15:36:14]  [play.Logger] -sql==SET NAMES utf8
[ INFO] [2013-07-17 15:36:14]  [play.Logger] -sql==SET character_set_results = NULL
[ INFO] [2013-07-17 15:36:14]  [play.Logger] -sql==SHOW COLLATION
[ INFO] [2013-07-17 15:36:14]  [play.Logger] -sql==SET collation_connection = utf8_general_ci
[ INFO] [2013-07-17 15:36:14]  [play.Logger] -sql==SET character_set_results = NULL
[ INFO] [2013-07-17 15:36:14]  [play.Logger] -sql==SET autocommit=1
[ INFO] [2013-07-17 15:36:14]  [play.Logger] -sql==SET collation_connection = utf8_general_ci
[ INFO] [2013-07-17 15:36:14]  [play.Logger] -sql==SET autocommit=1
[ INFO] [2013-07-17 15:36:14]  [play.Logger] -sql==SELECT @@session.tx_isolation
[ INFO] [2013-07-17 15:36:14]  [play.Logger] -sql==SELECT @@session.tx_isolation
[ INFO] [2013-07-17 15:36:14]  [play.Logger] -sql==SET NAMES utf8
[ INFO] [2013-07-17 15:36:14]  [play.Logger] -sql==SET character_set_results = NULL
[ INFO] [2013-07-17 15:36:14]  [play.Logger] -sql==SET collation_connection = utf8_general_ci
[ INFO] [2013-07-17 15:36:14]  [play.Logger] -sql==SET autocommit=1
[ INFO] [2013-07-17 15:36:14]  [play.Logger] -sql==SELECT @@session.tx_isolation
[ INFO] [2013-07-17 15:36:14]  [play.Logger] -Connected to jdbc:mysql://localhost/qic_db?useUnicode=yes&characterEncoding=UTF-8&zeroDateTimeBehavior=convertToNull&connectionCollation=utf8_general_ci&statementInterceptors=com.tom.mysql.ShowSqlStatementInterceptor
[ INFO] [2013-07-17 15:36:14]  [play.Logger] -sql==/* mysql-connector-java-5.1.20 ( Revision: tonci.grgin@oracle.com-20111003110438-qfydx066wsbydkbw ) */SHOW VARIABLES WHERE Variable_name ='language' OR Variable_name = 'net_write_timeout' OR Variable_name = 'interactive_timeout' OR Variable_name = 'wait_timeout' OR Variable_name = 'character_set_client' OR Variable_name = 'character_set_connection' OR Variable_name = 'character_set' OR Variable_name = 'character_set_server' OR Variable_name = 'tx_isolation' OR Variable_name = 'transaction_isolation' OR Variable_name = 'character_set_results' OR Variable_name = 'timezone' OR Variable_name = 'time_zone' OR Variable_name = 'system_time_zone' OR Variable_name = 'lower_case_table_names' OR Variable_name = 'max_allowed_packet' OR Variable_name = 'net_buffer_length' OR Variable_name = 'sql_mode' OR Variable_name = 'query_cache_type' OR Variable_name = 'query_cache_size' OR Variable_name = 'init_connect'
[ INFO] [2013-07-17 15:36:14]  [play.Logger] -sql==SHOW WARNINGS
[ INFO] [2013-07-17 15:36:14]  [play.Logger] -sql==/* mysql-connector-java-5.1.20 ( Revision: tonci.grgin@oracle.com-20111003110438-qfydx066wsbydkbw ) */SELECT @@session.auto_increment_increment
[ INFO] [2013-07-17 15:36:14]  [play.Logger] -sql==SHOW COLLATION
[ INFO] [2013-07-17 15:36:14]  [play.Logger] -sql==SET NAMES utf8
[ INFO] [2013-07-17 15:36:14]  [play.Logger] -sql==SET character_set_results = NULL
[ INFO] [2013-07-17 15:36:14]  [play.Logger] -sql==SET collation_connection = utf8_general_ci
[ INFO] [2013-07-17 15:36:14]  [play.Logger] -sql==SET autocommit=1
[ INFO] [2013-07-17 15:36:14]  [play.Logger] -sql==/* mysql-connector-java-5.1.20 ( Revision: tonci.grgin@oracle.com-20111003110438-qfydx066wsbydkbw ) */SHOW VARIABLES WHERE Variable_name ='language' OR Variable_name = 'net_write_timeout' OR Variable_name = 'interactive_timeout' OR Variable_name = 'wait_timeout' OR Variable_name = 'character_set_client' OR Variable_name = 'character_set_connection' OR Variable_name = 'character_set' OR Variable_name = 'character_set_server' OR Variable_name = 'tx_isolation' OR Variable_name = 'transaction_isolation' OR Variable_name = 'character_set_results' OR Variable_name = 'timezone' OR Variable_name = 'time_zone' OR Variable_name = 'system_time_zone' OR Variable_name = 'lower_case_table_names' OR Variable_name = 'max_allowed_packet' OR Variable_name = 'net_buffer_length' OR Variable_name = 'sql_mode' OR Variable_name = 'query_cache_type' OR Variable_name = 'query_cache_size' OR Variable_name = 'init_connect'
[ INFO] [2013-07-17 15:36:14]  [play.Logger] -sql==/* mysql-connector-java-5.1.20 ( Revision: tonci.grgin@oracle.com-20111003110438-qfydx066wsbydkbw ) */SHOW VARIABLES WHERE Variable_name ='language' OR Variable_name = 'net_write_timeout' OR Variable_name = 'interactive_timeout' OR Variable_name = 'wait_timeout' OR Variable_name = 'character_set_client' OR Variable_name = 'character_set_connection' OR Variable_name = 'character_set' OR Variable_name = 'character_set_server' OR Variable_name = 'tx_isolation' OR Variable_name = 'transaction_isolation' OR Variable_name = 'character_set_results' OR Variable_name = 'timezone' OR Variable_name = 'time_zone' OR Variable_name = 'system_time_zone' OR Variable_name = 'lower_case_table_names' OR Variable_name = 'max_allowed_packet' OR Variable_name = 'net_buffer_length' OR Variable_name = 'sql_mode' OR Variable_name = 'query_cache_type' OR Variable_name = 'query_cache_size' OR Variable_name = 'init_connect'
[ INFO] [2013-07-17 15:36:14]  [play.Logger] -sql==/* mysql-connector-java-5.1.20 ( Revision: tonci.grgin@oracle.com-20111003110438-qfydx066wsbydkbw ) */SHOW VARIABLES WHERE Variable_name ='language' OR Variable_name = 'net_write_timeout' OR Variable_name = 'interactive_timeout' OR Variable_name = 'wait_timeout' OR Variable_name = 'character_set_client' OR Variable_name = 'character_set_connection' OR Variable_name = 'character_set' OR Variable_name = 'character_set_server' OR Variable_name = 'tx_isolation' OR Variable_name = 'transaction_isolation' OR Variable_name = 'character_set_results' OR Variable_name = 'timezone' OR Variable_name = 'time_zone' OR Variable_name = 'system_time_zone' OR Variable_name = 'lower_case_table_names' OR Variable_name = 'max_allowed_packet' OR Variable_name = 'net_buffer_length' OR Variable_name = 'sql_mode' OR Variable_name = 'query_cache_type' OR Variable_name = 'query_cache_size' OR Variable_name = 'init_connect'
[ INFO] [2013-07-17 15:36:14]  [play.Logger] -sql==SHOW WARNINGS
[ INFO] [2013-07-17 15:36:14]  [play.Logger] -sql==SHOW WARNINGS
[ INFO] [2013-07-17 15:36:14]  [play.Logger] -sql==/* mysql-connector-java-5.1.20 ( Revision: tonci.grgin@oracle.com-20111003110438-qfydx066wsbydkbw ) */SELECT @@session.auto_increment_increment
[ INFO] [2013-07-17 15:36:14]  [play.Logger] -sql==SHOW WARNINGS
[ INFO] [2013-07-17 15:36:14]  [play.Logger] -sql==SHOW COLLATION
[ INFO] [2013-07-17 15:36:14]  [play.Logger] -sql==/* mysql-connector-java-5.1.20 ( Revision: tonci.grgin@oracle.com-20111003110438-qfydx066wsbydkbw ) */SELECT @@session.auto_increment_increment
[ INFO] [2013-07-17 15:36:14]  [play.Logger] -sql==/* mysql-connector-java-5.1.20 ( Revision: tonci.grgin@oracle.com-20111003110438-qfydx066wsbydkbw ) */SELECT @@session.auto_increment_increment
[ INFO] [2013-07-17 15:36:14]  [play.Logger] -sql==SHOW COLLATION
[ INFO] [2013-07-17 15:36:14]  [play.Logger] -sql==SHOW COLLATION
[ INFO] [2013-07-17 15:36:14]  [play.Logger] -sql==SET NAMES utf8
[ INFO] [2013-07-17 15:36:14]  [play.Logger] -sql==SET NAMES utf8
[ INFO] [2013-07-17 15:36:14]  [play.Logger] -sql==SET NAMES utf8
[ INFO] [2013-07-17 15:36:14]  [play.Logger] -sql==SET character_set_results = NULL
[ INFO] [2013-07-17 15:36:14]  [play.Logger] -sql==SET collation_connection = utf8_general_ci
[ INFO] [2013-07-17 15:36:14]  [play.Logger] -sql==SET autocommit=1
[ INFO] [2013-07-17 15:36:14]  [play.Logger] -sql==SELECT @@session.tx_isolation
[ INFO] [2013-07-17 15:36:14]  [play.Logger] -sql==SET character_set_results = NULL
[ INFO] [2013-07-17 15:36:14]  [play.Logger] -sql==SET character_set_results = NULL
[ INFO] [2013-07-17 15:36:14]  [play.Logger] -Connected to jdbc:mysql://localhost/qicore?useUnicode=yes&characterEncoding=UTF-8&connectionCollation=utf8_general_ci&zeroDateTimeBehavior=convertToNull&statementInterceptors=com.tom.mysql.ShowSqlStatementInterceptor
[ INFO] [2013-07-17 15:36:14]  [play.Logger] -sql==SET collation_connection = utf8_general_ci
[ INFO] [2013-07-17 15:36:14]  [play.Logger] -sql==SET collation_connection = utf8_general_ci
[ INFO] [2013-07-17 15:36:14]  [play.Logger] -sql==SET autocommit=1
[ INFO] [2013-07-17 15:36:14]  [play.Logger] -sql==SELECT @@session.tx_isolation
[ INFO] [2013-07-17 15:36:14]  [play.Logger] -sql==SET autocommit=1
[ INFO] [2013-07-17 15:36:14]  [play.Logger] -sql==SELECT @@session.tx_isolation
[ INFO] [2013-07-17 15:36:14]  [play.Logger] -sql==/* mysql-connector-java-5.1.20 ( Revision: tonci.grgin@oracle.com-20111003110438-qfydx066wsbydkbw ) */SHOW VARIABLES WHERE Variable_name ='language' OR Variable_name = 'net_write_timeout' OR Variable_name = 'interactive_timeout' OR Variable_name = 'wait_timeout' OR Variable_name = 'character_set_client' OR Variable_name = 'character_set_connection' OR Variable_name = 'character_set' OR Variable_name = 'character_set_server' OR Variable_name = 'tx_isolation' OR Variable_name = 'transaction_isolation' OR Variable_name = 'character_set_results' OR Variable_name = 'timezone' OR Variable_name = 'time_zone' OR Variable_name = 'system_time_zone' OR Variable_name = 'lower_case_table_names' OR Variable_name = 'max_allowed_packet' OR Variable_name = 'net_buffer_length' OR Variable_name = 'sql_mode' OR Variable_name = 'query_cache_type' OR Variable_name = 'query_cache_size' OR Variable_name = 'init_connect'
[ INFO] [2013-07-17 15:36:14]  [play.Logger] -sql==SHOW WARNINGS
[ INFO] [2013-07-17 15:36:14]  [play.Logger] -sql==/* mysql-connector-java-5.1.20 ( Revision: tonci.grgin@oracle.com-20111003110438-qfydx066wsbydkbw ) */SELECT @@session.auto_increment_increment
[ INFO] [2013-07-17 15:36:14]  [play.Logger] -sql==SHOW COLLATION
[ INFO] [2013-07-17 15:36:14]  [play.Logger] -sql==SET NAMES utf8
[ INFO] [2013-07-17 15:36:14]  [play.Logger] -sql==SET character_set_results = NULL
[ INFO] [2013-07-17 15:36:14]  [play.Logger] -sql==SET collation_connection = utf8_general_ci
[ INFO] [2013-07-17 15:36:14]  [play.Logger] -sql==SET autocommit=1
[ INFO] [2013-07-17 15:36:15]  [play.Logger] -sql==/* mysql-connector-java-5.1.20 ( Revision: tonci.grgin@oracle.com-20111003110438-qfydx066wsbydkbw ) */SHOW VARIABLES WHERE Variable_name ='language' OR Variable_name = 'net_write_timeout' OR Variable_name = 'interactive_timeout' OR Variable_name = 'wait_timeout' OR Variable_name = 'character_set_client' OR Variable_name = 'character_set_connection' OR Variable_name = 'character_set' OR Variable_name = 'character_set_server' OR Variable_name = 'tx_isolation' OR Variable_name = 'transaction_isolation' OR Variable_name = 'character_set_results' OR Variable_name = 'timezone' OR Variable_name = 'time_zone' OR Variable_name = 'system_time_zone' OR Variable_name = 'lower_case_table_names' OR Variable_name = 'max_allowed_packet' OR Variable_name = 'net_buffer_length' OR Variable_name = 'sql_mode' OR Variable_name = 'query_cache_type' OR Variable_name = 'query_cache_size' OR Variable_name = 'init_connect'
[ INFO] [2013-07-17 15:36:15]  [play.Logger] -sql==/* mysql-connector-java-5.1.20 ( Revision: tonci.grgin@oracle.com-20111003110438-qfydx066wsbydkbw ) */SHOW VARIABLES WHERE Variable_name ='language' OR Variable_name = 'net_write_timeout' OR Variable_name = 'interactive_timeout' OR Variable_name = 'wait_timeout' OR Variable_name = 'character_set_client' OR Variable_name = 'character_set_connection' OR Variable_name = 'character_set' OR Variable_name = 'character_set_server' OR Variable_name = 'tx_isolation' OR Variable_name = 'transaction_isolation' OR Variable_name = 'character_set_results' OR Variable_name = 'timezone' OR Variable_name = 'time_zone' OR Variable_name = 'system_time_zone' OR Variable_name = 'lower_case_table_names' OR Variable_name = 'max_allowed_packet' OR Variable_name = 'net_buffer_length' OR Variable_name = 'sql_mode' OR Variable_name = 'query_cache_type' OR Variable_name = 'query_cache_size' OR Variable_name = 'init_connect'
[ INFO] [2013-07-17 15:36:15]  [play.Logger] -sql==/* mysql-connector-java-5.1.20 ( Revision: tonci.grgin@oracle.com-20111003110438-qfydx066wsbydkbw ) */SHOW VARIABLES WHERE Variable_name ='language' OR Variable_name = 'net_write_timeout' OR Variable_name = 'interactive_timeout' OR Variable_name = 'wait_timeout' OR Variable_name = 'character_set_client' OR Variable_name = 'character_set_connection' OR Variable_name = 'character_set' OR Variable_name = 'character_set_server' OR Variable_name = 'tx_isolation' OR Variable_name = 'transaction_isolation' OR Variable_name = 'character_set_results' OR Variable_name = 'timezone' OR Variable_name = 'time_zone' OR Variable_name = 'system_time_zone' OR Variable_name = 'lower_case_table_names' OR Variable_name = 'max_allowed_packet' OR Variable_name = 'net_buffer_length' OR Variable_name = 'sql_mode' OR Variable_name = 'query_cache_type' OR Variable_name = 'query_cache_size' OR Variable_name = 'init_connect'
[ INFO] [2013-07-17 15:36:15]  [play.Logger] -sql==SHOW WARNINGS
[ INFO] [2013-07-17 15:36:15]  [play.Logger] -sql==SHOW WARNINGS
[ INFO] [2013-07-17 15:36:15]  [play.Logger] -sql==/* mysql-connector-java-5.1.20 ( Revision: tonci.grgin@oracle.com-20111003110438-qfydx066wsbydkbw ) */SELECT @@session.auto_increment_increment
[ INFO] [2013-07-17 15:36:15]  [play.Logger] -sql==SHOW COLLATION
[ INFO] [2013-07-17 15:36:15]  [play.Logger] -sql==/* mysql-connector-java-5.1.20 ( Revision: tonci.grgin@oracle.com-20111003110438-qfydx066wsbydkbw ) */SELECT @@session.auto_increment_increment
[ INFO] [2013-07-17 15:36:15]  [play.Logger] -sql==SET NAMES utf8
[ INFO] [2013-07-17 15:36:15]  [play.Logger] -sql==SHOW WARNINGS
[ INFO] [2013-07-17 15:36:15]  [play.Logger] -sql==SET character_set_results = NULL
[ INFO] [2013-07-17 15:36:15]  [play.Logger] -sql==SHOW COLLATION
[ INFO] [2013-07-17 15:36:15]  [play.Logger] -sql==SET collation_connection = utf8_general_ci
[ INFO] [2013-07-17 15:36:15]  [play.Logger] -sql==/* mysql-connector-java-5.1.20 ( Revision: tonci.grgin@oracle.com-20111003110438-qfydx066wsbydkbw ) */SELECT @@session.auto_increment_increment
[ INFO] [2013-07-17 15:36:15]  [play.Logger] -sql==SET autocommit=1
[ INFO] [2013-07-17 15:36:15]  [play.Logger] -sql==SELECT @@session.tx_isolation
[ INFO] [2013-07-17 15:36:15]  [play.Logger] -Connected to jdbc:mysql://localhost/qsm?useUnicode=yes&characterEncoding=UTF-8&connectionCollation=utf8_general_ci&zeroDateTimeBehavior=convertToNull&statementInterceptors=com.tom.mysql.ShowSqlStatementInterceptor
[ INFO] [2013-07-17 15:36:15]  [play.Logger] -sql==SHOW COLLATION
[ INFO] [2013-07-17 15:36:15]  [play.Logger] -sql==SET NAMES utf8
[ INFO] [2013-07-17 15:36:15]  [play.Logger] -sql==SET character_set_results = NULL
[ INFO] [2013-07-17 15:36:15]  [play.Logger] -sql==SET collation_connection = utf8_general_ci
[ INFO] [2013-07-17 15:36:15]  [play.Logger] -sql==SET NAMES utf8
[ INFO] [2013-07-17 15:36:15]  [play.Logger] -sql==SET character_set_results = NULL
[ INFO] [2013-07-17 15:36:15]  [play.Logger] -sql==SET autocommit=1
[ INFO] [2013-07-17 15:36:15]  [play.Logger] -sql==SET collation_connection = utf8_general_ci
[ INFO] [2013-07-17 15:36:15]  [play.Logger] -sql==SELECT @@session.tx_isolation
[ INFO] [2013-07-17 15:36:15]  [play.Logger] -sql==SET autocommit=1
[ INFO] [2013-07-17 15:36:15]  [play.Logger] -sql==SELECT @@session.tx_isolation
[ INFO] [2013-07-17 15:36:15]  [org.hibernate.annotations.common.Version] -HCANN000001: Hibernate Commons Annotations {4.0.1.Final}
[ INFO] [2013-07-17 15:36:15]  [org.hibernate.Version] -HHH000412: Hibernate Core {4.1.3.Final}
[ INFO] [2013-07-17 15:36:15]  [org.hibernate.cfg.Environment] -HHH000206: hibernate.properties not found
[ INFO] [2013-07-17 15:36:15]  [org.hibernate.cfg.Environment] -HHH000021: Bytecode provider name : javassist
[ INFO] [2013-07-17 15:36:16]  [org.hibernate.service.jdbc.connections.internal.ConnectionProviderInitiator] -HHH000130: Instantiating explicit connection provider: org.hibernate.service.jdbc.connections.internal.DatasourceConnectionProviderImpl
[ INFO] [2013-07-17 15:36:16]  [org.hibernate.dialect.Dialect] -HHH000400: Using dialect: play.db.jpa.MySQLDialect
[ INFO] [2013-07-17 15:36:16]  [org.hibernate.engine.jdbc.internal.LobCreatorBuilder] -HHH000424: Disabling contextual LOB creation as createClob() method threw error : java.lang.reflect.InvocationTargetException
[ INFO] [2013-07-17 15:36:16]  [org.hibernate.engine.transaction.internal.TransactionFactoryInitiator] -HHH000399: Using default transaction strategy (direct JDBC transactions)
[ INFO] [2013-07-17 15:36:16]  [org.hibernate.hql.internal.ast.ASTQueryTranslatorFactory] -HHH000397: Using ASTQueryTranslatorFactory
[ INFO] [2013-07-17 15:36:17]  [play.Logger] -Application 'manage' is now started !
[ INFO] [2013-07-17 15:36:17]  [play.Logger] -loading sql from  module[common]
[ INFO] [2013-07-17 15:36:18]  [play.Logger] -sql==SET autocommit=0
[ INFO] [2013-07-17 15:36:18]  [play.Logger] -sql==
    SELECT
        id,
        key_name 'key',
        key_value value                     
    FROM
        config_manage
[ INFO] [2013-07-17 15:36:18]  [play.Logger] -sql==commit
[ INFO] [2013-07-17 15:36:18]  [play.Logger] -sql==SET autocommit=1
[ERROR] [2013-07-17 15:36:19]  [play.Logger] -

@6f1p29p96
Error during job execution (job.common.ClearCacheJob)

Execution exception (In {module:common}/app/job/common/ClearCacheJob.java around line 24)
JedisConnectionException occured : Could not get a resource from the pool

play.exceptions.JavaExecutionException: Could not get a resource from the pool
	at play.jobs.Job.call(Job.java:155)
	at java.util.concurrent.FutureTask$Sync.innerRun(FutureTask.java:303)
	at java.util.concurrent.FutureTask.run(FutureTask.java:138)
	at java.util.concurrent.ScheduledThreadPoolExecutor$ScheduledFutureTask.access$301(ScheduledThreadPoolExecutor.java:98)
	at java.util.concurrent.ScheduledThreadPoolExecutor$ScheduledFutureTask.run(ScheduledThreadPoolExecutor.java:206)
	at java.util.concurrent.ThreadPoolExecutor$Worker.runTask(ThreadPoolExecutor.java:886)
	at java.util.concurrent.ThreadPoolExecutor$Worker.run(ThreadPoolExecutor.java:908)
	at java.lang.Thread.run(Thread.java:662)
Caused by: redis.clients.jedis.exceptions.JedisConnectionException: Could not get a resource from the pool
	at redis.clients.util.Pool.getResource(Pool.java:22)
	at play.modules.redis.RedisConnectionManager.getRawConnectionInternal(RedisConnectionManager.java:40)
	at play.modules.redis.Redis.keys(Redis.java:501)
	at job.common.ClearCacheJob.clearPrevilegeFromRedis(ClearCacheJob.java:24)
	at job.common.ClearCacheJob.doJob(ClearCacheJob.java:19)
	at play.jobs.Job.doJobWithResult(Job.java:50)
	at play.jobs.Job.call(Job.java:146)
	... 7 more
Caused by: redis.clients.jedis.exceptions.JedisConnectionException: java.net.ConnectException: Connection refused: connect
	at redis.clients.jedis.Connection.connect(Connection.java:124)
	at redis.clients.jedis.BinaryClient.connect(BinaryClient.java:54)
	at redis.clients.jedis.BinaryJedis.connect(BinaryJedis.java:1657)
	at redis.clients.jedis.JedisPool$JedisFactory.makeObject(JedisPool.java:63)
	at org.apache.commons.pool.impl.GenericObjectPool.borrowObject(GenericObjectPool.java:1158)
	at redis.clients.util.Pool.getResource(Pool.java:20)
	... 13 more
Caused by: java.net.ConnectException: Connection refused: connect
	at java.net.PlainSocketImpl.socketConnect(Native Method)
	at java.net.PlainSocketImpl.doConnect(PlainSocketImpl.java:333)
	at java.net.PlainSocketImpl.connectToAddress(PlainSocketImpl.java:195)
	at java.net.PlainSocketImpl.connect(PlainSocketImpl.java:182)
	at java.net.SocksSocketImpl.connect(SocksSocketImpl.java:366)
	at java.net.Socket.connect(Socket.java:529)
	at redis.clients.jedis.Connection.connect(Connection.java:119)
	... 18 more
[ERROR] [2013-07-17 15:36:29]  [play.Logger] -

@6f1p29p97
Internal Server Error (500) for request POST /users/login?x-http-method-override=POST

Execution exception (In /app/controllers/Users.java around line 54)
RuntimeException occured : java.util.concurrent.ExecutionException: java.net.ConnectException: Connection refused: no further information to http://localhost:9800/api/loginWithoutCryp?u=admin&p=123456&mac=123456&pid=2

play.exceptions.JavaExecutionException: java.util.concurrent.ExecutionException: java.net.ConnectException: Connection refused: no further information to http://localhost:9800/api/loginWithoutCryp?u=admin&p=123456&mac=123456&pid=2
	at play.mvc.ActionInvoker.invoke(ActionInvoker.java:237)
	at Invocation.HTTP Request(Play!)
Caused by: java.lang.RuntimeException: java.util.concurrent.ExecutionException: java.net.ConnectException: Connection refused: no further information to http://localhost:9800/api/loginWithoutCryp?u=admin&p=123456&mac=123456&pid=2
	at play.libs.ws.WSAsync$WSAsyncRequest.get(WSAsync.java:215)
	at controllers.Users.login(Users.java:54)
	at play.mvc.ActionInvoker.invokeWithContinuation(ActionInvoker.java:557)
	at play.mvc.ActionInvoker.invoke(ActionInvoker.java:508)
	at play.mvc.ActionInvoker.invokeControllerMethod(ActionInvoker.java:484)
	at play.mvc.ActionInvoker.invokeControllerMethod(ActionInvoker.java:479)
	at play.mvc.ActionInvoker.invoke(ActionInvoker.java:161)
	... 1 more
Caused by: java.util.concurrent.ExecutionException: java.net.ConnectException: Connection refused: no further information to http://localhost:9800/api/loginWithoutCryp?u=admin&p=123456&mac=123456&pid=2
	at com.ning.http.client.providers.netty.NettyResponseFuture.abort(NettyResponseFuture.java:297)
	at com.ning.http.client.providers.netty.NettyConnectListener.operationComplete(NettyConnectListener.java:104)
	at org.jboss.netty.channel.DefaultChannelFuture.notifyListener(DefaultChannelFuture.java:427)
	at org.jboss.netty.channel.DefaultChannelFuture.notifyListeners(DefaultChannelFuture.java:418)
	at org.jboss.netty.channel.DefaultChannelFuture.setFailure(DefaultChannelFuture.java:380)
	at org.jboss.netty.channel.socket.nio.NioClientBoss.processSelectedKeys(NioClientBoss.java:108)
	at org.jboss.netty.channel.socket.nio.NioClientBoss.process(NioClientBoss.java:78)
	at org.jboss.netty.channel.socket.nio.AbstractNioSelector.run(AbstractNioSelector.java:313)
	at org.jboss.netty.channel.socket.nio.NioClientBoss.run(NioClientBoss.java:41)
	at org.jboss.netty.util.ThreadRenamingRunnable.run(ThreadRenamingRunnable.java:108)
	at org.jboss.netty.util.internal.DeadLockProofWorker$1.run(DeadLockProofWorker.java:42)
	at java.util.concurrent.ThreadPoolExecutor$Worker.runTask(ThreadPoolExecutor.java:886)
	at java.util.concurrent.ThreadPoolExecutor$Worker.run(ThreadPoolExecutor.java:908)
	at java.lang.Thread.run(Thread.java:662)
Caused by: java.net.ConnectException: Connection refused: no further information to http://localhost:9800/api/loginWithoutCryp?u=admin&p=123456&mac=123456&pid=2
	at com.ning.http.client.providers.netty.NettyConnectListener.operationComplete(NettyConnectListener.java:100)
	... 12 more
Caused by: java.net.ConnectException: Connection refused: no further information
	at sun.nio.ch.SocketChannelImpl.checkConnect(Native Method)
	at sun.nio.ch.SocketChannelImpl.finishConnect(SocketChannelImpl.java:574)
	at org.jboss.netty.channel.socket.nio.NioClientBoss.connect(NioClientBoss.java:148)
	at org.jboss.netty.channel.socket.nio.NioClientBoss.processSelectedKeys(NioClientBoss.java:104)
	at org.jboss.netty.channel.socket.nio.NioClientBoss.process(NioClientBoss.java:78)
	at org.jboss.netty.channel.socket.nio.AbstractNioSelector.run(AbstractNioSelector.java:313)
	at org.jboss.netty.channel.socket.nio.NioClientBoss.run(NioClientBoss.java:41)
	... 3 more
[ERROR] [2013-07-17 15:37:22]  [play.Logger] -

@6f1p29p98
Internal Server Error (500) for request POST /users/login?x-http-method-override=POST

Execution exception (In /app/controllers/Users.java around line 54)
RuntimeException occured : java.util.concurrent.ExecutionException: java.net.ConnectException: Connection refused: no further information to http://localhost:9800/api/loginWithoutCryp?u=admin&p=123456&mac=123456&pid=2

play.exceptions.JavaExecutionException: java.util.concurrent.ExecutionException: java.net.ConnectException: Connection refused: no further information to http://localhost:9800/api/loginWithoutCryp?u=admin&p=123456&mac=123456&pid=2
	at play.mvc.ActionInvoker.invoke(ActionInvoker.java:237)
	at Invocation.HTTP Request(Play!)
Caused by: java.lang.RuntimeException: java.util.concurrent.ExecutionException: java.net.ConnectException: Connection refused: no further information to http://localhost:9800/api/loginWithoutCryp?u=admin&p=123456&mac=123456&pid=2
	at play.libs.ws.WSAsync$WSAsyncRequest.get(WSAsync.java:215)
	at controllers.Users.login(Users.java:54)
	at play.mvc.ActionInvoker.invokeWithContinuation(ActionInvoker.java:557)
	at play.mvc.ActionInvoker.invoke(ActionInvoker.java:508)
	at play.mvc.ActionInvoker.invokeControllerMethod(ActionInvoker.java:484)
	at play.mvc.ActionInvoker.invokeControllerMethod(ActionInvoker.java:479)
	at play.mvc.ActionInvoker.invoke(ActionInvoker.java:161)
	... 1 more
Caused by: java.util.concurrent.ExecutionException: java.net.ConnectException: Connection refused: no further information to http://localhost:9800/api/loginWithoutCryp?u=admin&p=123456&mac=123456&pid=2
	at com.ning.http.client.providers.netty.NettyResponseFuture.abort(NettyResponseFuture.java:297)
	at com.ning.http.client.providers.netty.NettyConnectListener.operationComplete(NettyConnectListener.java:104)
	at org.jboss.netty.channel.DefaultChannelFuture.notifyListener(DefaultChannelFuture.java:427)
	at org.jboss.netty.channel.DefaultChannelFuture.notifyListeners(DefaultChannelFuture.java:418)
	at org.jboss.netty.channel.DefaultChannelFuture.setFailure(DefaultChannelFuture.java:380)
	at org.jboss.netty.channel.socket.nio.NioClientBoss.processSelectedKeys(NioClientBoss.java:108)
	at org.jboss.netty.channel.socket.nio.NioClientBoss.process(NioClientBoss.java:78)
	at org.jboss.netty.channel.socket.nio.AbstractNioSelector.run(AbstractNioSelector.java:313)
	at org.jboss.netty.channel.socket.nio.NioClientBoss.run(NioClientBoss.java:41)
	at org.jboss.netty.util.ThreadRenamingRunnable.run(ThreadRenamingRunnable.java:108)
	at org.jboss.netty.util.internal.DeadLockProofWorker$1.run(DeadLockProofWorker.java:42)
	at java.util.concurrent.ThreadPoolExecutor$Worker.runTask(ThreadPoolExecutor.java:886)
	at java.util.concurrent.ThreadPoolExecutor$Worker.run(ThreadPoolExecutor.java:908)
	at java.lang.Thread.run(Thread.java:662)
Caused by: java.net.ConnectException: Connection refused: no further information to http://localhost:9800/api/loginWithoutCryp?u=admin&p=123456&mac=123456&pid=2
	at com.ning.http.client.providers.netty.NettyConnectListener.operationComplete(NettyConnectListener.java:100)
	... 12 more
Caused by: java.net.ConnectException: Connection refused: no further information
	at sun.nio.ch.SocketChannelImpl.checkConnect(Native Method)
	at sun.nio.ch.SocketChannelImpl.finishConnect(SocketChannelImpl.java:574)
	at org.jboss.netty.channel.socket.nio.NioClientBoss.connect(NioClientBoss.java:148)
	at org.jboss.netty.channel.socket.nio.NioClientBoss.processSelectedKeys(NioClientBoss.java:104)
	at org.jboss.netty.channel.socket.nio.NioClientBoss.process(NioClientBoss.java:78)
	at org.jboss.netty.channel.socket.nio.AbstractNioSelector.run(AbstractNioSelector.java:313)
	at org.jboss.netty.channel.socket.nio.NioClientBoss.run(NioClientBoss.java:41)
	... 3 more
[ERROR] [2013-07-17 15:37:30]  [play.Logger] -

@6f1p29p99
Internal Server Error (500) for request POST /users/login?x-http-method-override=POST

Execution exception (In /app/controllers/Users.java around line 54)
RuntimeException occured : java.util.concurrent.ExecutionException: java.net.ConnectException: Connection refused: no further information to http://localhost:9800/api/loginWithoutCryp?u=admin&p=123456&mac=123456&pid=2

play.exceptions.JavaExecutionException: java.util.concurrent.ExecutionException: java.net.ConnectException: Connection refused: no further information to http://localhost:9800/api/loginWithoutCryp?u=admin&p=123456&mac=123456&pid=2
	at play.mvc.ActionInvoker.invoke(ActionInvoker.java:237)
	at Invocation.HTTP Request(Play!)
Caused by: java.lang.RuntimeException: java.util.concurrent.ExecutionException: java.net.ConnectException: Connection refused: no further information to http://localhost:9800/api/loginWithoutCryp?u=admin&p=123456&mac=123456&pid=2
	at play.libs.ws.WSAsync$WSAsyncRequest.get(WSAsync.java:215)
	at controllers.Users.login(Users.java:54)
	at play.mvc.ActionInvoker.invokeWithContinuation(ActionInvoker.java:557)
	at play.mvc.ActionInvoker.invoke(ActionInvoker.java:508)
	at play.mvc.ActionInvoker.invokeControllerMethod(ActionInvoker.java:484)
	at play.mvc.ActionInvoker.invokeControllerMethod(ActionInvoker.java:479)
	at play.mvc.ActionInvoker.invoke(ActionInvoker.java:161)
	... 1 more
Caused by: java.util.concurrent.ExecutionException: java.net.ConnectException: Connection refused: no further information to http://localhost:9800/api/loginWithoutCryp?u=admin&p=123456&mac=123456&pid=2
	at com.ning.http.client.providers.netty.NettyResponseFuture.abort(NettyResponseFuture.java:297)
	at com.ning.http.client.providers.netty.NettyConnectListener.operationComplete(NettyConnectListener.java:104)
	at org.jboss.netty.channel.DefaultChannelFuture.notifyListener(DefaultChannelFuture.java:427)
	at org.jboss.netty.channel.DefaultChannelFuture.notifyListeners(DefaultChannelFuture.java:418)
	at org.jboss.netty.channel.DefaultChannelFuture.setFailure(DefaultChannelFuture.java:380)
	at org.jboss.netty.channel.socket.nio.NioClientBoss.processSelectedKeys(NioClientBoss.java:108)
	at org.jboss.netty.channel.socket.nio.NioClientBoss.process(NioClientBoss.java:78)
	at org.jboss.netty.channel.socket.nio.AbstractNioSelector.run(AbstractNioSelector.java:313)
	at org.jboss.netty.channel.socket.nio.NioClientBoss.run(NioClientBoss.java:41)
	at org.jboss.netty.util.ThreadRenamingRunnable.run(ThreadRenamingRunnable.java:108)
	at org.jboss.netty.util.internal.DeadLockProofWorker$1.run(DeadLockProofWorker.java:42)
	at java.util.concurrent.ThreadPoolExecutor$Worker.runTask(ThreadPoolExecutor.java:886)
	at java.util.concurrent.ThreadPoolExecutor$Worker.run(ThreadPoolExecutor.java:908)
	at java.lang.Thread.run(Thread.java:662)
Caused by: java.net.ConnectException: Connection refused: no further information to http://localhost:9800/api/loginWithoutCryp?u=admin&p=123456&mac=123456&pid=2
	at com.ning.http.client.providers.netty.NettyConnectListener.operationComplete(NettyConnectListener.java:100)
	... 12 more
Caused by: java.net.ConnectException: Connection refused: no further information
	at sun.nio.ch.SocketChannelImpl.checkConnect(Native Method)
	at sun.nio.ch.SocketChannelImpl.finishConnect(SocketChannelImpl.java:574)
	at org.jboss.netty.channel.socket.nio.NioClientBoss.connect(NioClientBoss.java:148)
	at org.jboss.netty.channel.socket.nio.NioClientBoss.processSelectedKeys(NioClientBoss.java:104)
	at org.jboss.netty.channel.socket.nio.NioClientBoss.process(NioClientBoss.java:78)
	at org.jboss.netty.channel.socket.nio.AbstractNioSelector.run(AbstractNioSelector.java:313)
	at org.jboss.netty.channel.socket.nio.NioClientBoss.run(NioClientBoss.java:41)
	... 3 more
[ INFO] [2013-07-17 16:40:48]  [play.Logger] -Starting D:\www\iQuant\manage
[ INFO] [2013-07-17 16:40:49]  [play.Logger] -Module redis is available (D:\www\iQuant\manage\modules\redis-0.3)
[ INFO] [2013-07-17 16:40:49]  [play.Logger] -Module excel is available (D:\www\iQuant\manage\modules\excel-1.2.3)
[ INFO] [2013-07-17 16:40:49]  [play.Logger] -Module common is available (D:\www\iQuant\manage\..\common)
[ INFO] [2013-07-17 16:40:49]  [play.Logger] -Module qicdoc is available (D:\www\iQuant\manage\..\qicdoc)
[ WARN] [2013-07-17 16:40:50]  [play.Logger] -You're running Play! in DEV mode
[ERROR] [2013-07-17 16:40:50]  [play.Logger] -Could not bind on port 9500
[ERROR] [2013-07-17 17:19:37]  [play.Logger] -

@6f1p29p9a
Internal Server Error (500) for request POST /users/login?x-http-method-override=POST

Execution exception (In /app/controllers/Users.java around line 54)
RuntimeException occured : java.util.concurrent.ExecutionException: java.net.ConnectException: Connection refused: no further information to http://localhost:9800/api/loginWithoutCryp?u=admin&p=123456&mac=123456&pid=2

play.exceptions.JavaExecutionException: java.util.concurrent.ExecutionException: java.net.ConnectException: Connection refused: no further information to http://localhost:9800/api/loginWithoutCryp?u=admin&p=123456&mac=123456&pid=2
	at play.mvc.ActionInvoker.invoke(ActionInvoker.java:237)
	at Invocation.HTTP Request(Play!)
Caused by: java.lang.RuntimeException: java.util.concurrent.ExecutionException: java.net.ConnectException: Connection refused: no further information to http://localhost:9800/api/loginWithoutCryp?u=admin&p=123456&mac=123456&pid=2
	at play.libs.ws.WSAsync$WSAsyncRequest.get(WSAsync.java:215)
	at controllers.Users.login(Users.java:54)
	at play.mvc.ActionInvoker.invokeWithContinuation(ActionInvoker.java:557)
	at play.mvc.ActionInvoker.invoke(ActionInvoker.java:508)
	at play.mvc.ActionInvoker.invokeControllerMethod(ActionInvoker.java:484)
	at play.mvc.ActionInvoker.invokeControllerMethod(ActionInvoker.java:479)
	at play.mvc.ActionInvoker.invoke(ActionInvoker.java:161)
	... 1 more
Caused by: java.util.concurrent.ExecutionException: java.net.ConnectException: Connection refused: no further information to http://localhost:9800/api/loginWithoutCryp?u=admin&p=123456&mac=123456&pid=2
	at com.ning.http.client.providers.netty.NettyResponseFuture.abort(NettyResponseFuture.java:297)
	at com.ning.http.client.providers.netty.NettyConnectListener.operationComplete(NettyConnectListener.java:104)
	at org.jboss.netty.channel.DefaultChannelFuture.notifyListener(DefaultChannelFuture.java:427)
	at org.jboss.netty.channel.DefaultChannelFuture.notifyListeners(DefaultChannelFuture.java:418)
	at org.jboss.netty.channel.DefaultChannelFuture.setFailure(DefaultChannelFuture.java:380)
	at org.jboss.netty.channel.socket.nio.NioClientBoss.processSelectedKeys(NioClientBoss.java:108)
	at org.jboss.netty.channel.socket.nio.NioClientBoss.process(NioClientBoss.java:78)
	at org.jboss.netty.channel.socket.nio.AbstractNioSelector.run(AbstractNioSelector.java:313)
	at org.jboss.netty.channel.socket.nio.NioClientBoss.run(NioClientBoss.java:41)
	at org.jboss.netty.util.ThreadRenamingRunnable.run(ThreadRenamingRunnable.java:108)
	at org.jboss.netty.util.internal.DeadLockProofWorker$1.run(DeadLockProofWorker.java:42)
	at java.util.concurrent.ThreadPoolExecutor$Worker.runTask(ThreadPoolExecutor.java:886)
	at java.util.concurrent.ThreadPoolExecutor$Worker.run(ThreadPoolExecutor.java:908)
	at java.lang.Thread.run(Thread.java:662)
Caused by: java.net.ConnectException: Connection refused: no further information to http://localhost:9800/api/loginWithoutCryp?u=admin&p=123456&mac=123456&pid=2
	at com.ning.http.client.providers.netty.NettyConnectListener.operationComplete(NettyConnectListener.java:100)
	... 12 more
Caused by: java.net.ConnectException: Connection refused: no further information
	at sun.nio.ch.SocketChannelImpl.checkConnect(Native Method)
	at sun.nio.ch.SocketChannelImpl.finishConnect(SocketChannelImpl.java:574)
	at org.jboss.netty.channel.socket.nio.NioClientBoss.connect(NioClientBoss.java:148)
	at org.jboss.netty.channel.socket.nio.NioClientBoss.processSelectedKeys(NioClientBoss.java:104)
	at org.jboss.netty.channel.socket.nio.NioClientBoss.process(NioClientBoss.java:78)
	at org.jboss.netty.channel.socket.nio.AbstractNioSelector.run(AbstractNioSelector.java:313)
	at org.jboss.netty.channel.socket.nio.NioClientBoss.run(NioClientBoss.java:41)
	... 3 more
[ERROR] [2013-07-17 17:36:53]  [play.Logger] -

@6f1p29p9b
Internal Server Error (500) for request POST /users/login?x-http-method-override=POST

Execution exception (In /app/controllers/Users.java around line 54)
RuntimeException occured : java.util.concurrent.ExecutionException: java.net.ConnectException: Connection refused: no further information to http://localhost:9800/api/loginWithoutCryp?u=admin&p=123456&mac=123456&pid=2

play.exceptions.JavaExecutionException: java.util.concurrent.ExecutionException: java.net.ConnectException: Connection refused: no further information to http://localhost:9800/api/loginWithoutCryp?u=admin&p=123456&mac=123456&pid=2
	at play.mvc.ActionInvoker.invoke(ActionInvoker.java:237)
	at Invocation.HTTP Request(Play!)
Caused by: java.lang.RuntimeException: java.util.concurrent.ExecutionException: java.net.ConnectException: Connection refused: no further information to http://localhost:9800/api/loginWithoutCryp?u=admin&p=123456&mac=123456&pid=2
	at play.libs.ws.WSAsync$WSAsyncRequest.get(WSAsync.java:215)
	at controllers.Users.login(Users.java:54)
	at play.mvc.ActionInvoker.invokeWithContinuation(ActionInvoker.java:557)
	at play.mvc.ActionInvoker.invoke(ActionInvoker.java:508)
	at play.mvc.ActionInvoker.invokeControllerMethod(ActionInvoker.java:484)
	at play.mvc.ActionInvoker.invokeControllerMethod(ActionInvoker.java:479)
	at play.mvc.ActionInvoker.invoke(ActionInvoker.java:161)
	... 1 more
Caused by: java.util.concurrent.ExecutionException: java.net.ConnectException: Connection refused: no further information to http://localhost:9800/api/loginWithoutCryp?u=admin&p=123456&mac=123456&pid=2
	at com.ning.http.client.providers.netty.NettyResponseFuture.abort(NettyResponseFuture.java:297)
	at com.ning.http.client.providers.netty.NettyConnectListener.operationComplete(NettyConnectListener.java:104)
	at org.jboss.netty.channel.DefaultChannelFuture.notifyListener(DefaultChannelFuture.java:427)
	at org.jboss.netty.channel.DefaultChannelFuture.notifyListeners(DefaultChannelFuture.java:418)
	at org.jboss.netty.channel.DefaultChannelFuture.setFailure(DefaultChannelFuture.java:380)
	at org.jboss.netty.channel.socket.nio.NioClientBoss.processSelectedKeys(NioClientBoss.java:108)
	at org.jboss.netty.channel.socket.nio.NioClientBoss.process(NioClientBoss.java:78)
	at org.jboss.netty.channel.socket.nio.AbstractNioSelector.run(AbstractNioSelector.java:313)
	at org.jboss.netty.channel.socket.nio.NioClientBoss.run(NioClientBoss.java:41)
	at org.jboss.netty.util.ThreadRenamingRunnable.run(ThreadRenamingRunnable.java:108)
	at org.jboss.netty.util.internal.DeadLockProofWorker$1.run(DeadLockProofWorker.java:42)
	at java.util.concurrent.ThreadPoolExecutor$Worker.runTask(ThreadPoolExecutor.java:886)
	at java.util.concurrent.ThreadPoolExecutor$Worker.run(ThreadPoolExecutor.java:908)
	at java.lang.Thread.run(Thread.java:662)
Caused by: java.net.ConnectException: Connection refused: no further information to http://localhost:9800/api/loginWithoutCryp?u=admin&p=123456&mac=123456&pid=2
	at com.ning.http.client.providers.netty.NettyConnectListener.operationComplete(NettyConnectListener.java:100)
	... 12 more
Caused by: java.net.ConnectException: Connection refused: no further information
	at sun.nio.ch.SocketChannelImpl.checkConnect(Native Method)
	at sun.nio.ch.SocketChannelImpl.finishConnect(SocketChannelImpl.java:574)
	at org.jboss.netty.channel.socket.nio.NioClientBoss.connect(NioClientBoss.java:148)
	at org.jboss.netty.channel.socket.nio.NioClientBoss.processSelectedKeys(NioClientBoss.java:104)
	at org.jboss.netty.channel.socket.nio.NioClientBoss.process(NioClientBoss.java:78)
	at org.jboss.netty.channel.socket.nio.AbstractNioSelector.run(AbstractNioSelector.java:313)
	at org.jboss.netty.channel.socket.nio.NioClientBoss.run(NioClientBoss.java:41)
	... 3 more
