[ INFO] [2013-06-26 15:01:41]  [play.Logger] -Starting D:\www\iQuant\manage
[ INFO] [2013-06-26 15:01:42]  [play.Logger] -Module common is available (D:\www\iQuant\manage\..\common)
[ INFO] [2013-06-26 15:01:42]  [play.Logger] -Module excel is available (D:\www\iQuant\manage\modules\excel-1.2.3)
[ INFO] [2013-06-26 15:01:42]  [play.Logger] -Module qicdoc is available (D:\www\iQuant\manage\..\qicdoc)
[ INFO] [2013-06-26 15:01:42]  [play.Logger] -Module redis is available (D:\work\playframework\play1\modules\redis-0.3)
[ WARN] [2013-06-26 15:01:44]  [play.Logger] -You're running Play! in DEV mode
[ INFO] [2013-06-26 15:01:44]  [play.Logger] -Listening for HTTP on port 9100 (Waiting a first request to start) ...
[ INFO] [2013-06-26 15:02:02]  [play.Logger] -Connecting to redis with redis://localhost:6379
[ INFO] [2013-06-26 15:02:03]  [play.Logger] -sql==/* mysql-connector-java-5.1.21 ( Revision: ${bzr.revision-id} ) */SHOW VARIABLES WHERE Variable_name ='language' OR Variable_name = 'net_write_timeout' OR Variable_name = 'interactive_timeout' OR Variable_name = 'wait_timeout' OR Variable_name = 'character_set_client' OR Variable_name = 'character_set_connection' OR Variable_name = 'character_set' OR Variable_name = 'character_set_server' OR Variable_name = 'tx_isolation' OR Variable_name = 'transaction_isolation' OR Variable_name = 'character_set_results' OR Variable_name = 'timezone' OR Variable_name = 'time_zone' OR Variable_name = 'system_time_zone' OR Variable_name = 'lower_case_table_names' OR Variable_name = 'max_allowed_packet' OR Variable_name = 'net_buffer_length' OR Variable_name = 'sql_mode' OR Variable_name = 'query_cache_type' OR Variable_name = 'query_cache_size' OR Variable_name = 'init_connect'
[ INFO] [2013-06-26 15:02:03]  [play.Logger] -sql==/* mysql-connector-java-5.1.21 ( Revision: ${bzr.revision-id} ) */SELECT @@session.auto_increment_increment
[ INFO] [2013-06-26 15:02:03]  [play.Logger] -sql==SHOW COLLATION
[ INFO] [2013-06-26 15:02:03]  [play.Logger] -sql==SET character_set_results = NULL
[ INFO] [2013-06-26 15:02:03]  [play.Logger] -sql==SET collation_connection = utf8_general_ci
[ INFO] [2013-06-26 15:02:03]  [play.Logger] -sql==SET autocommit=1
[ INFO] [2013-06-26 15:02:03]  [play.Logger] -sql==SET sql_mode='STRICT_TRANS_TABLES'
[ INFO] [2013-06-26 15:02:04]  [play.Logger] -sql==/* mysql-connector-java-5.1.21 ( Revision: ${bzr.revision-id} ) */SHOW VARIABLES WHERE Variable_name ='language' OR Variable_name = 'net_write_timeout' OR Variable_name = 'interactive_timeout' OR Variable_name = 'wait_timeout' OR Variable_name = 'character_set_client' OR Variable_name = 'character_set_connection' OR Variable_name = 'character_set' OR Variable_name = 'character_set_server' OR Variable_name = 'tx_isolation' OR Variable_name = 'transaction_isolation' OR Variable_name = 'character_set_results' OR Variable_name = 'timezone' OR Variable_name = 'time_zone' OR Variable_name = 'system_time_zone' OR Variable_name = 'lower_case_table_names' OR Variable_name = 'max_allowed_packet' OR Variable_name = 'net_buffer_length' OR Variable_name = 'sql_mode' OR Variable_name = 'query_cache_type' OR Variable_name = 'query_cache_size' OR Variable_name = 'init_connect'
[ INFO] [2013-06-26 15:02:04]  [play.Logger] -sql==/* mysql-connector-java-5.1.21 ( Revision: ${bzr.revision-id} ) */SHOW VARIABLES WHERE Variable_name ='language' OR Variable_name = 'net_write_timeout' OR Variable_name = 'interactive_timeout' OR Variable_name = 'wait_timeout' OR Variable_name = 'character_set_client' OR Variable_name = 'character_set_connection' OR Variable_name = 'character_set' OR Variable_name = 'character_set_server' OR Variable_name = 'tx_isolation' OR Variable_name = 'transaction_isolation' OR Variable_name = 'character_set_results' OR Variable_name = 'timezone' OR Variable_name = 'time_zone' OR Variable_name = 'system_time_zone' OR Variable_name = 'lower_case_table_names' OR Variable_name = 'max_allowed_packet' OR Variable_name = 'net_buffer_length' OR Variable_name = 'sql_mode' OR Variable_name = 'query_cache_type' OR Variable_name = 'query_cache_size' OR Variable_name = 'init_connect'
[ INFO] [2013-06-26 15:02:04]  [play.Logger] -sql==/* mysql-connector-java-5.1.21 ( Revision: ${bzr.revision-id} ) */SELECT @@session.auto_increment_increment
[ INFO] [2013-06-26 15:02:04]  [play.Logger] -sql==/* mysql-connector-java-5.1.21 ( Revision: ${bzr.revision-id} ) */SELECT @@session.auto_increment_increment
[ INFO] [2013-06-26 15:02:04]  [play.Logger] -sql==/* mysql-connector-java-5.1.21 ( Revision: ${bzr.revision-id} ) */SHOW VARIABLES WHERE Variable_name ='language' OR Variable_name = 'net_write_timeout' OR Variable_name = 'interactive_timeout' OR Variable_name = 'wait_timeout' OR Variable_name = 'character_set_client' OR Variable_name = 'character_set_connection' OR Variable_name = 'character_set' OR Variable_name = 'character_set_server' OR Variable_name = 'tx_isolation' OR Variable_name = 'transaction_isolation' OR Variable_name = 'character_set_results' OR Variable_name = 'timezone' OR Variable_name = 'time_zone' OR Variable_name = 'system_time_zone' OR Variable_name = 'lower_case_table_names' OR Variable_name = 'max_allowed_packet' OR Variable_name = 'net_buffer_length' OR Variable_name = 'sql_mode' OR Variable_name = 'query_cache_type' OR Variable_name = 'query_cache_size' OR Variable_name = 'init_connect'
[ INFO] [2013-06-26 15:02:04]  [play.Logger] -sql==SHOW COLLATION
[ INFO] [2013-06-26 15:02:04]  [play.Logger] -sql==SHOW COLLATION
[ INFO] [2013-06-26 15:02:04]  [play.Logger] -sql==SET character_set_results = NULL
[ INFO] [2013-06-26 15:02:04]  [play.Logger] -sql==SET character_set_results = NULL
[ INFO] [2013-06-26 15:02:04]  [play.Logger] -sql==SET collation_connection = utf8_general_ci
[ INFO] [2013-06-26 15:02:04]  [play.Logger] -sql==/* mysql-connector-java-5.1.21 ( Revision: ${bzr.revision-id} ) */SELECT @@session.auto_increment_increment
[ INFO] [2013-06-26 15:02:04]  [play.Logger] -sql==SET autocommit=1
[ INFO] [2013-06-26 15:02:04]  [play.Logger] -sql==SHOW COLLATION
[ INFO] [2013-06-26 15:02:04]  [play.Logger] -sql==SET collation_connection = utf8_general_ci
[ INFO] [2013-06-26 15:02:04]  [play.Logger] -sql==SET sql_mode='STRICT_TRANS_TABLES'
[ INFO] [2013-06-26 15:02:04]  [play.Logger] -sql==SET autocommit=1
[ INFO] [2013-06-26 15:02:04]  [play.Logger] -sql==SET sql_mode='STRICT_TRANS_TABLES'
[ INFO] [2013-06-26 15:02:04]  [play.Logger] -sql==SET character_set_results = NULL
[ INFO] [2013-06-26 15:02:04]  [play.Logger] -sql==SET collation_connection = utf8_general_ci
[ INFO] [2013-06-26 15:02:04]  [play.Logger] -sql==SET autocommit=1
[ INFO] [2013-06-26 15:02:04]  [play.Logger] -sql==SET sql_mode='STRICT_TRANS_TABLES'
[ INFO] [2013-06-26 15:02:04]  [play.Logger] -sql==SELECT @@session.tx_isolation
[ INFO] [2013-06-26 15:02:04]  [play.Logger] -sql==SELECT @@session.tx_isolation
[ INFO] [2013-06-26 15:02:04]  [play.Logger] -sql==SELECT @@session.tx_isolation
[ INFO] [2013-06-26 15:02:04]  [play.Logger] -Connected to jdbc:mysql://192.168.102.153/qic_db?useUnicode=yes&characterEncoding=UTF-8&zeroDateTimeBehavior=convertToNull&connectionCollation=utf8_general_ci&statementInterceptors=com.tom.mysql.ShowSqlStatementInterceptor
[ INFO] [2013-06-26 15:02:04]  [play.Logger] -sql==/* mysql-connector-java-5.1.21 ( Revision: ${bzr.revision-id} ) */SHOW VARIABLES WHERE Variable_name ='language' OR Variable_name = 'net_write_timeout' OR Variable_name = 'interactive_timeout' OR Variable_name = 'wait_timeout' OR Variable_name = 'character_set_client' OR Variable_name = 'character_set_connection' OR Variable_name = 'character_set' OR Variable_name = 'character_set_server' OR Variable_name = 'tx_isolation' OR Variable_name = 'transaction_isolation' OR Variable_name = 'character_set_results' OR Variable_name = 'timezone' OR Variable_name = 'time_zone' OR Variable_name = 'system_time_zone' OR Variable_name = 'lower_case_table_names' OR Variable_name = 'max_allowed_packet' OR Variable_name = 'net_buffer_length' OR Variable_name = 'sql_mode' OR Variable_name = 'query_cache_type' OR Variable_name = 'query_cache_size' OR Variable_name = 'init_connect'
[ INFO] [2013-06-26 15:02:04]  [play.Logger] -sql==/* mysql-connector-java-5.1.21 ( Revision: ${bzr.revision-id} ) */SELECT @@session.auto_increment_increment
[ INFO] [2013-06-26 15:02:04]  [play.Logger] -sql==SHOW COLLATION
[ INFO] [2013-06-26 15:02:04]  [play.Logger] -sql==SET character_set_results = NULL
[ INFO] [2013-06-26 15:02:04]  [play.Logger] -sql==SET collation_connection = utf8_general_ci
[ INFO] [2013-06-26 15:02:04]  [play.Logger] -sql==SET autocommit=1
[ INFO] [2013-06-26 15:02:04]  [play.Logger] -sql==SET sql_mode='STRICT_TRANS_TABLES'
[ INFO] [2013-06-26 15:02:04]  [play.Logger] -sql==/* mysql-connector-java-5.1.21 ( Revision: ${bzr.revision-id} ) */SHOW VARIABLES WHERE Variable_name ='language' OR Variable_name = 'net_write_timeout' OR Variable_name = 'interactive_timeout' OR Variable_name = 'wait_timeout' OR Variable_name = 'character_set_client' OR Variable_name = 'character_set_connection' OR Variable_name = 'character_set' OR Variable_name = 'character_set_server' OR Variable_name = 'tx_isolation' OR Variable_name = 'transaction_isolation' OR Variable_name = 'character_set_results' OR Variable_name = 'timezone' OR Variable_name = 'time_zone' OR Variable_name = 'system_time_zone' OR Variable_name = 'lower_case_table_names' OR Variable_name = 'max_allowed_packet' OR Variable_name = 'net_buffer_length' OR Variable_name = 'sql_mode' OR Variable_name = 'query_cache_type' OR Variable_name = 'query_cache_size' OR Variable_name = 'init_connect'
[ INFO] [2013-06-26 15:02:04]  [play.Logger] -sql==/* mysql-connector-java-5.1.21 ( Revision: ${bzr.revision-id} ) */SHOW VARIABLES WHERE Variable_name ='language' OR Variable_name = 'net_write_timeout' OR Variable_name = 'interactive_timeout' OR Variable_name = 'wait_timeout' OR Variable_name = 'character_set_client' OR Variable_name = 'character_set_connection' OR Variable_name = 'character_set' OR Variable_name = 'character_set_server' OR Variable_name = 'tx_isolation' OR Variable_name = 'transaction_isolation' OR Variable_name = 'character_set_results' OR Variable_name = 'timezone' OR Variable_name = 'time_zone' OR Variable_name = 'system_time_zone' OR Variable_name = 'lower_case_table_names' OR Variable_name = 'max_allowed_packet' OR Variable_name = 'net_buffer_length' OR Variable_name = 'sql_mode' OR Variable_name = 'query_cache_type' OR Variable_name = 'query_cache_size' OR Variable_name = 'init_connect'
[ INFO] [2013-06-26 15:02:04]  [play.Logger] -sql==/* mysql-connector-java-5.1.21 ( Revision: ${bzr.revision-id} ) */SELECT @@session.auto_increment_increment
[ INFO] [2013-06-26 15:02:04]  [play.Logger] -sql==/* mysql-connector-java-5.1.21 ( Revision: ${bzr.revision-id} ) */SELECT @@session.auto_increment_increment
[ INFO] [2013-06-26 15:02:04]  [play.Logger] -sql==/* mysql-connector-java-5.1.21 ( Revision: ${bzr.revision-id} ) */SHOW VARIABLES WHERE Variable_name ='language' OR Variable_name = 'net_write_timeout' OR Variable_name = 'interactive_timeout' OR Variable_name = 'wait_timeout' OR Variable_name = 'character_set_client' OR Variable_name = 'character_set_connection' OR Variable_name = 'character_set' OR Variable_name = 'character_set_server' OR Variable_name = 'tx_isolation' OR Variable_name = 'transaction_isolation' OR Variable_name = 'character_set_results' OR Variable_name = 'timezone' OR Variable_name = 'time_zone' OR Variable_name = 'system_time_zone' OR Variable_name = 'lower_case_table_names' OR Variable_name = 'max_allowed_packet' OR Variable_name = 'net_buffer_length' OR Variable_name = 'sql_mode' OR Variable_name = 'query_cache_type' OR Variable_name = 'query_cache_size' OR Variable_name = 'init_connect'
[ INFO] [2013-06-26 15:02:04]  [play.Logger] -sql==SHOW COLLATION
[ INFO] [2013-06-26 15:02:04]  [play.Logger] -sql==SHOW COLLATION
[ INFO] [2013-06-26 15:02:04]  [play.Logger] -sql==SET character_set_results = NULL
[ INFO] [2013-06-26 15:02:04]  [play.Logger] -sql==SET collation_connection = utf8_general_ci
[ INFO] [2013-06-26 15:02:04]  [play.Logger] -sql==/* mysql-connector-java-5.1.21 ( Revision: ${bzr.revision-id} ) */SELECT @@session.auto_increment_increment
[ INFO] [2013-06-26 15:02:04]  [play.Logger] -sql==SET character_set_results = NULL
[ INFO] [2013-06-26 15:02:04]  [play.Logger] -sql==SET autocommit=1
[ INFO] [2013-06-26 15:02:04]  [play.Logger] -sql==SHOW COLLATION
[ INFO] [2013-06-26 15:02:04]  [play.Logger] -sql==SET sql_mode='STRICT_TRANS_TABLES'
[ INFO] [2013-06-26 15:02:04]  [play.Logger] -sql==SET collation_connection = utf8_general_ci
[ INFO] [2013-06-26 15:02:04]  [play.Logger] -sql==SET autocommit=1
[ INFO] [2013-06-26 15:02:04]  [play.Logger] -sql==SELECT @@session.tx_isolation
[ INFO] [2013-06-26 15:02:04]  [play.Logger] -sql==SET sql_mode='STRICT_TRANS_TABLES'
[ INFO] [2013-06-26 15:02:04]  [play.Logger] -Connected to jdbc:mysql://192.168.102.153/qicore?useUnicode=yes&characterEncoding=UTF-8&connectionCollation=utf8_general_ci&zeroDateTimeBehavior=convertToNull&statementInterceptors=com.tom.mysql.ShowSqlStatementInterceptor
[ INFO] [2013-06-26 15:02:04]  [play.Logger] -sql==SELECT @@session.tx_isolation
[ INFO] [2013-06-26 15:02:04]  [play.Logger] -sql==SET character_set_results = NULL
[ INFO] [2013-06-26 15:02:04]  [play.Logger] -sql==SET collation_connection = utf8_general_ci
[ INFO] [2013-06-26 15:02:04]  [play.Logger] -sql==SET autocommit=1
[ INFO] [2013-06-26 15:02:04]  [play.Logger] -sql==SET sql_mode='STRICT_TRANS_TABLES'
[ INFO] [2013-06-26 15:02:04]  [play.Logger] -sql==SELECT @@session.tx_isolation
[ INFO] [2013-06-26 15:02:04]  [play.Logger] -sql==/* mysql-connector-java-5.1.21 ( Revision: ${bzr.revision-id} ) */SHOW VARIABLES WHERE Variable_name ='language' OR Variable_name = 'net_write_timeout' OR Variable_name = 'interactive_timeout' OR Variable_name = 'wait_timeout' OR Variable_name = 'character_set_client' OR Variable_name = 'character_set_connection' OR Variable_name = 'character_set' OR Variable_name = 'character_set_server' OR Variable_name = 'tx_isolation' OR Variable_name = 'transaction_isolation' OR Variable_name = 'character_set_results' OR Variable_name = 'timezone' OR Variable_name = 'time_zone' OR Variable_name = 'system_time_zone' OR Variable_name = 'lower_case_table_names' OR Variable_name = 'max_allowed_packet' OR Variable_name = 'net_buffer_length' OR Variable_name = 'sql_mode' OR Variable_name = 'query_cache_type' OR Variable_name = 'query_cache_size' OR Variable_name = 'init_connect'
[ INFO] [2013-06-26 15:02:04]  [play.Logger] -sql==/* mysql-connector-java-5.1.21 ( Revision: ${bzr.revision-id} ) */SELECT @@session.auto_increment_increment
[ INFO] [2013-06-26 15:02:04]  [play.Logger] -sql==SHOW COLLATION
[ INFO] [2013-06-26 15:02:04]  [play.Logger] -sql==SET character_set_results = NULL
[ INFO] [2013-06-26 15:02:04]  [play.Logger] -sql==SET collation_connection = utf8_general_ci
[ INFO] [2013-06-26 15:02:04]  [play.Logger] -sql==SET autocommit=1
[ INFO] [2013-06-26 15:02:04]  [play.Logger] -sql==SET sql_mode='STRICT_TRANS_TABLES'
[ INFO] [2013-06-26 15:02:04]  [play.Logger] -sql==/* mysql-connector-java-5.1.21 ( Revision: ${bzr.revision-id} ) */SHOW VARIABLES WHERE Variable_name ='language' OR Variable_name = 'net_write_timeout' OR Variable_name = 'interactive_timeout' OR Variable_name = 'wait_timeout' OR Variable_name = 'character_set_client' OR Variable_name = 'character_set_connection' OR Variable_name = 'character_set' OR Variable_name = 'character_set_server' OR Variable_name = 'tx_isolation' OR Variable_name = 'transaction_isolation' OR Variable_name = 'character_set_results' OR Variable_name = 'timezone' OR Variable_name = 'time_zone' OR Variable_name = 'system_time_zone' OR Variable_name = 'lower_case_table_names' OR Variable_name = 'max_allowed_packet' OR Variable_name = 'net_buffer_length' OR Variable_name = 'sql_mode' OR Variable_name = 'query_cache_type' OR Variable_name = 'query_cache_size' OR Variable_name = 'init_connect'
[ INFO] [2013-06-26 15:02:04]  [play.Logger] -sql==/* mysql-connector-java-5.1.21 ( Revision: ${bzr.revision-id} ) */SHOW VARIABLES WHERE Variable_name ='language' OR Variable_name = 'net_write_timeout' OR Variable_name = 'interactive_timeout' OR Variable_name = 'wait_timeout' OR Variable_name = 'character_set_client' OR Variable_name = 'character_set_connection' OR Variable_name = 'character_set' OR Variable_name = 'character_set_server' OR Variable_name = 'tx_isolation' OR Variable_name = 'transaction_isolation' OR Variable_name = 'character_set_results' OR Variable_name = 'timezone' OR Variable_name = 'time_zone' OR Variable_name = 'system_time_zone' OR Variable_name = 'lower_case_table_names' OR Variable_name = 'max_allowed_packet' OR Variable_name = 'net_buffer_length' OR Variable_name = 'sql_mode' OR Variable_name = 'query_cache_type' OR Variable_name = 'query_cache_size' OR Variable_name = 'init_connect'
[ INFO] [2013-06-26 15:02:04]  [play.Logger] -sql==/* mysql-connector-java-5.1.21 ( Revision: ${bzr.revision-id} ) */SHOW VARIABLES WHERE Variable_name ='language' OR Variable_name = 'net_write_timeout' OR Variable_name = 'interactive_timeout' OR Variable_name = 'wait_timeout' OR Variable_name = 'character_set_client' OR Variable_name = 'character_set_connection' OR Variable_name = 'character_set' OR Variable_name = 'character_set_server' OR Variable_name = 'tx_isolation' OR Variable_name = 'transaction_isolation' OR Variable_name = 'character_set_results' OR Variable_name = 'timezone' OR Variable_name = 'time_zone' OR Variable_name = 'system_time_zone' OR Variable_name = 'lower_case_table_names' OR Variable_name = 'max_allowed_packet' OR Variable_name = 'net_buffer_length' OR Variable_name = 'sql_mode' OR Variable_name = 'query_cache_type' OR Variable_name = 'query_cache_size' OR Variable_name = 'init_connect'
[ INFO] [2013-06-26 15:02:04]  [play.Logger] -sql==/* mysql-connector-java-5.1.21 ( Revision: ${bzr.revision-id} ) */SELECT @@session.auto_increment_increment
[ INFO] [2013-06-26 15:02:04]  [play.Logger] -sql==SHOW COLLATION
[ INFO] [2013-06-26 15:02:04]  [play.Logger] -sql==/* mysql-connector-java-5.1.21 ( Revision: ${bzr.revision-id} ) */SELECT @@session.auto_increment_increment
[ INFO] [2013-06-26 15:02:04]  [play.Logger] -sql==/* mysql-connector-java-5.1.21 ( Revision: ${bzr.revision-id} ) */SELECT @@session.auto_increment_increment
[ INFO] [2013-06-26 15:02:04]  [play.Logger] -sql==SHOW COLLATION
[ INFO] [2013-06-26 15:02:04]  [play.Logger] -sql==SET character_set_results = NULL
[ INFO] [2013-06-26 15:02:04]  [play.Logger] -sql==SHOW COLLATION
[ INFO] [2013-06-26 15:02:04]  [play.Logger] -sql==SET collation_connection = utf8_general_ci
[ INFO] [2013-06-26 15:02:04]  [play.Logger] -sql==SET autocommit=1
[ INFO] [2013-06-26 15:02:04]  [play.Logger] -sql==SET character_set_results = NULL
[ INFO] [2013-06-26 15:02:04]  [play.Logger] -sql==SET sql_mode='STRICT_TRANS_TABLES'
[ INFO] [2013-06-26 15:02:04]  [play.Logger] -sql==SET collation_connection = utf8_general_ci
[ INFO] [2013-06-26 15:02:04]  [play.Logger] -sql==SET character_set_results = NULL
[ INFO] [2013-06-26 15:02:04]  [play.Logger] -sql==SELECT @@session.tx_isolation
[ INFO] [2013-06-26 15:02:04]  [play.Logger] -sql==SET autocommit=1
[ INFO] [2013-06-26 15:02:04]  [play.Logger] -sql==SET collation_connection = utf8_general_ci
[ INFO] [2013-06-26 15:02:04]  [play.Logger] -Connected to jdbc:mysql://192.168.102.153/qsm?useUnicode=yes&characterEncoding=UTF-8&connectionCollation=utf8_general_ci&zeroDateTimeBehavior=convertToNull&statementInterceptors=com.tom.mysql.ShowSqlStatementInterceptor
[ INFO] [2013-06-26 15:02:04]  [play.Logger] -sql==SET autocommit=1
[ INFO] [2013-06-26 15:02:04]  [play.Logger] -sql==SET sql_mode='STRICT_TRANS_TABLES'
[ INFO] [2013-06-26 15:02:04]  [play.Logger] -sql==SET sql_mode='STRICT_TRANS_TABLES'
[ INFO] [2013-06-26 15:02:04]  [play.Logger] -sql==SELECT @@session.tx_isolation
[ INFO] [2013-06-26 15:02:04]  [play.Logger] -sql==SELECT @@session.tx_isolation
[ INFO] [2013-06-26 15:02:05]  [org.hibernate.annotations.common.Version] -HCANN000001: Hibernate Commons Annotations {4.0.1.Final}
[ INFO] [2013-06-26 15:02:05]  [org.hibernate.Version] -HHH000412: Hibernate Core {4.1.3.Final}
[ INFO] [2013-06-26 15:02:05]  [org.hibernate.cfg.Environment] -HHH000206: hibernate.properties not found
[ INFO] [2013-06-26 15:02:05]  [org.hibernate.cfg.Environment] -HHH000021: Bytecode provider name : javassist
[ INFO] [2013-06-26 15:02:06]  [org.hibernate.service.jdbc.connections.internal.ConnectionProviderInitiator] -HHH000130: Instantiating explicit connection provider: org.hibernate.service.jdbc.connections.internal.DatasourceConnectionProviderImpl
[ INFO] [2013-06-26 15:02:06]  [org.hibernate.dialect.Dialect] -HHH000400: Using dialect: play.db.jpa.MySQLDialect
[ INFO] [2013-06-26 15:02:06]  [org.hibernate.engine.jdbc.internal.LobCreatorBuilder] -HHH000424: Disabling contextual LOB creation as createClob() method threw error : java.lang.reflect.InvocationTargetException
[ INFO] [2013-06-26 15:02:06]  [org.hibernate.engine.transaction.internal.TransactionFactoryInitiator] -HHH000399: Using default transaction strategy (direct JDBC transactions)
[ INFO] [2013-06-26 15:02:06]  [org.hibernate.hql.internal.ast.ASTQueryTranslatorFactory] -HHH000397: Using ASTQueryTranslatorFactory
[ INFO] [2013-06-26 15:02:07]  [play.Logger] -Application 'manage' is now started !
[ INFO] [2013-06-26 15:02:07]  [play.Logger] -loading sql from  module[common]
[ INFO] [2013-06-26 15:02:08]  [play.Logger] -sql==SET autocommit=0
[ INFO] [2013-06-26 15:02:08]  [play.Logger] -sql==
    SELECT
        id,
        key_name 'key',
        key_value value                     
    FROM
        config_manage
[ INFO] [2013-06-26 15:02:08]  [play.Logger] -sql==commit
[ INFO] [2013-06-26 15:02:08]  [play.Logger] -sql==SET autocommit=1
[ERROR] [2013-06-26 15:02:09]  [play.Logger] -

@6em25bh1d
Error during job execution (job.common.ClearCacheJob)

Execution exception (In {module:common}/app/job/common/ClearCacheJob.java around line 24)
JedisConnectionException occured : Could not get a resource from the pool

play.exceptions.JavaExecutionException: Could not get a resource from the pool
	at play.jobs.Job.call(Job.java:155)
	at java.util.concurrent.FutureTask$Sync.innerRun(FutureTask.java:303)
	at java.util.concurrent.FutureTask.run(FutureTask.java:138)
	at java.util.concurrent.ScheduledThreadPoolExecutor$ScheduledFutureTask.access$301(ScheduledThreadPoolExecutor.java:98)
	at java.util.concurrent.ScheduledThreadPoolExecutor$ScheduledFutureTask.run(ScheduledThreadPoolExecutor.java:206)
	at java.util.concurrent.ThreadPoolExecutor$Worker.runTask(ThreadPoolExecutor.java:886)
	at java.util.concurrent.ThreadPoolExecutor$Worker.run(ThreadPoolExecutor.java:908)
	at java.lang.Thread.run(Thread.java:662)
Caused by: redis.clients.jedis.exceptions.JedisConnectionException: Could not get a resource from the pool
	at redis.clients.util.Pool.getResource(Pool.java:22)
	at play.modules.redis.RedisConnectionManager.getRawConnectionInternal(RedisConnectionManager.java:40)
	at play.modules.redis.Redis.keys(Redis.java:501)
	at job.common.ClearCacheJob.clearPrevilegeFromRedis(ClearCacheJob.java:24)
	at job.common.ClearCacheJob.doJob(ClearCacheJob.java:19)
	at play.jobs.Job.doJobWithResult(Job.java:50)
	at play.jobs.Job.call(Job.java:146)
	... 7 more
Caused by: redis.clients.jedis.exceptions.JedisConnectionException: java.net.ConnectException: Connection refused: connect
	at redis.clients.jedis.Connection.connect(Connection.java:124)
	at redis.clients.jedis.BinaryClient.connect(BinaryClient.java:54)
	at redis.clients.jedis.BinaryJedis.connect(BinaryJedis.java:1657)
	at redis.clients.jedis.JedisPool$JedisFactory.makeObject(JedisPool.java:63)
	at org.apache.commons.pool.impl.GenericObjectPool.borrowObject(GenericObjectPool.java:1158)
	at redis.clients.util.Pool.getResource(Pool.java:20)
	... 13 more
Caused by: java.net.ConnectException: Connection refused: connect
	at java.net.PlainSocketImpl.socketConnect(Native Method)
	at java.net.PlainSocketImpl.doConnect(PlainSocketImpl.java:333)
	at java.net.PlainSocketImpl.connectToAddress(PlainSocketImpl.java:195)
	at java.net.PlainSocketImpl.connect(PlainSocketImpl.java:182)
	at java.net.SocksSocketImpl.connect(SocksSocketImpl.java:366)
	at java.net.Socket.connect(Socket.java:529)
	at redis.clients.jedis.Connection.connect(Connection.java:119)
	... 18 more
[ INFO] [2013-06-26 15:02:27]  [play.Logger] -登陆处理返回json对象:{"message":"401__密码错误","success":false}
[ INFO] [2013-06-26 15:02:36]  [play.Logger] -登陆处理返回json对象:{"success":true,"token":"a5c65f559eee8045f846fa270bca73c7b51dbde22408616c8c367f8f182e68701bd01e326ad19a66882b033be4f0ea85"}
[ERROR] [2013-06-26 15:02:41]  [play.Logger] -

@6em25bh1e
Internal Server Error (500) for request GET /activateuser/list

Execution exception (In {module:common}/app/business/UserInfoBaseService.java around line 171)
UncheckedExecutionException occured : redis.clients.jedis.exceptions.JedisConnectionException: Could not get a resource from the pool

play.exceptions.JavaExecutionException: redis.clients.jedis.exceptions.JedisConnectionException: Could not get a resource from the pool
	at play.mvc.ActionInvoker.invoke(ActionInvoker.java:237)
	at Invocation.HTTP Request(Play!)
Caused by: com.google.common.util.concurrent.UncheckedExecutionException: redis.clients.jedis.exceptions.JedisConnectionException: Could not get a resource from the pool
	at com.google.common.cache.LocalCache$Segment.get(LocalCache.java:2263)
	at com.google.common.cache.LocalCache.get(LocalCache.java:4000)
	at com.google.common.cache.LocalCache.getOrLoad(LocalCache.java:4004)
	at com.google.common.cache.LocalCache$LocalLoadingCache.get(LocalCache.java:4874)
	at business.UserInfoBaseService$PrevilegeRemoteCache.getUserRoles(UserInfoBaseService.java:171)
	at business.UserInfoBaseService.getUserFunctionInfo(UserInfoBaseService.java:43)
	at util.SimpleFunctionAuth.hasPrivilege(SimpleFunctionAuth.java:29)
	at util.FunctionAuthManager.auth(FunctionAuthManager.java:11)
	at controllers.common.FunctionInterceptor.doAuth(FunctionInterceptor.java:27)
	at play.mvc.ActionInvoker.invoke(ActionInvoker.java:510)
	at play.mvc.ActionInvoker.invokeControllerMethod(ActionInvoker.java:484)
	at play.mvc.ActionInvoker.invokeControllerMethod(ActionInvoker.java:479)
	at play.mvc.ActionInvoker.handleBefores(ActionInvoker.java:328)
	at play.mvc.ActionInvoker.invoke(ActionInvoker.java:142)
	... 1 more
Caused by: redis.clients.jedis.exceptions.JedisConnectionException: Could not get a resource from the pool
	at redis.clients.util.Pool.getResource(Pool.java:22)
	at play.modules.redis.RedisConnectionManager.getRawConnectionInternal(RedisConnectionManager.java:40)
	at play.modules.redis.RedisConnectionManager.getRawConnectionFromShard(RedisConnectionManager.java:47)
	at play.modules.redis.Redis.get(Redis.java:267)
	at business.UserInfoBaseService$PrevilegeRemoteCache$1.load(UserInfoBaseService.java:115)
	at business.UserInfoBaseService$PrevilegeRemoteCache$1.load(UserInfoBaseService.java:1)
	at com.google.common.cache.LocalCache$LoadingValueReference.loadFuture(LocalCache.java:3599)
	at com.google.common.cache.LocalCache$Segment.loadSync(LocalCache.java:2379)
	at com.google.common.cache.LocalCache$Segment.lockedGetOrLoad(LocalCache.java:2342)
	at com.google.common.cache.LocalCache$Segment.get(LocalCache.java:2257)
	... 14 more
Caused by: redis.clients.jedis.exceptions.JedisConnectionException: java.net.ConnectException: Connection refused: connect
	at redis.clients.jedis.Connection.connect(Connection.java:124)
	at redis.clients.jedis.BinaryClient.connect(BinaryClient.java:54)
	at redis.clients.jedis.BinaryJedis.connect(BinaryJedis.java:1657)
	at redis.clients.jedis.JedisPool$JedisFactory.makeObject(JedisPool.java:63)
	at org.apache.commons.pool.impl.GenericObjectPool.borrowObject(GenericObjectPool.java:1158)
	at redis.clients.util.Pool.getResource(Pool.java:20)
	... 23 more
Caused by: java.net.ConnectException: Connection refused: connect
	at java.net.PlainSocketImpl.socketConnect(Native Method)
	at java.net.PlainSocketImpl.doConnect(PlainSocketImpl.java:333)
	at java.net.PlainSocketImpl.connectToAddress(PlainSocketImpl.java:195)
	at java.net.PlainSocketImpl.connect(PlainSocketImpl.java:182)
	at java.net.SocksSocketImpl.connect(SocksSocketImpl.java:366)
	at java.net.Socket.connect(Socket.java:529)
	at redis.clients.jedis.Connection.connect(Connection.java:119)
	... 28 more
[ INFO] [2013-06-26 15:02:59]  [play.Logger] -miss 用户-->角色
[ INFO] [2013-06-26 15:02:59]  [play.Logger] -sql==SET autocommit=0
[ INFO] [2013-06-26 15:02:59]  [play.Logger] -sql==
    SELECT
        ri.id,
        rid,
        ur.uid uid                     
    FROM
        user_role  ur                     
    LEFT JOIN
        role_info ri                     
            ON                             ur.rid=ri.id                     
    WHERE
        ur.uid=1
[ INFO] [2013-06-26 15:02:59]  [play.Logger] -hit 角色-->权限
[ INFO] [2013-06-26 15:02:59]  [play.Logger] -sql==
    select
        count(*) 
    from
        ( SELECT
            ui.`id` AS id,
            ui.`account` AS account,
            ui.`name` AS NAME,
            ui.`idcard` AS idCard,
            ui.`phone` AS phone,
            sd.`name` AS saleName,
            ui.`capital_account` AS capitalAccount,
            ui.`apply_date` AS applyDate,
            ui.`status` AS STATUS 
        FROM
            user_info ui   
        LEFT JOIN
            sale_department sd     
                ON ui.`sale_dep` = sd.`id`  
        WHERE
            ui.`status`=2 ) distTable
[ INFO] [2013-06-26 15:02:59]  [play.Logger] -sql==
    SELECT
        id,
        name              
    FROM
        sale_department
[ INFO] [2013-06-26 15:02:59]  [play.Logger] -sql==
    SELECT
        id,
        name                 
    FROM
        role_info
[ INFO] [2013-06-26 15:03:01]  [play.Logger] -hit 用户-->角色
[ INFO] [2013-06-26 15:03:01]  [play.Logger] -hit 角色-->权限
[ INFO] [2013-06-26 15:03:01]  [play.Logger] -hit 用户-->角色
[ INFO] [2013-06-26 15:03:01]  [play.Logger] -hit 角色-->权限
[ INFO] [2013-06-26 15:03:01]  [play.Logger] -hit 用户-->角色
[ INFO] [2013-06-26 15:03:01]  [play.Logger] -hit 角色-->权限
[ INFO] [2013-06-26 15:03:02]  [play.Logger] -hit 用户-->角色
[ INFO] [2013-06-26 15:03:02]  [play.Logger] -hit 角色-->权限
[ INFO] [2013-06-26 15:03:02]  [play.Logger] -hit 用户-->角色
[ INFO] [2013-06-26 15:03:02]  [play.Logger] -hit 角色-->权限
[ INFO] [2013-06-26 15:03:02]  [play.Logger] -hit 用户-->角色
[ INFO] [2013-06-26 15:03:02]  [play.Logger] -hit 角色-->权限
[ INFO] [2013-06-26 15:03:02]  [play.Logger] -hit 用户-->角色
[ INFO] [2013-06-26 15:03:02]  [play.Logger] -hit 角色-->权限
[ INFO] [2013-06-26 15:03:02]  [play.Logger] -hit 用户-->角色
[ INFO] [2013-06-26 15:03:02]  [play.Logger] -hit 角色-->权限
[ INFO] [2013-06-26 15:03:02]  [play.Logger] -hit 用户-->角色
[ INFO] [2013-06-26 15:03:02]  [play.Logger] -hit 角色-->权限
[ INFO] [2013-06-26 15:03:02]  [play.Logger] -sql==commit
[ INFO] [2013-06-26 15:03:02]  [play.Logger] -sql==SET autocommit=1
[ INFO] [2013-06-26 15:32:29]  [play.Logger] -sql==/* mysql-connector-java-5.1.21 ( Revision: ${bzr.revision-id} ) */SHOW VARIABLES WHERE Variable_name ='language' OR Variable_name = 'net_write_timeout' OR Variable_name = 'interactive_timeout' OR Variable_name = 'wait_timeout' OR Variable_name = 'character_set_client' OR Variable_name = 'character_set_connection' OR Variable_name = 'character_set' OR Variable_name = 'character_set_server' OR Variable_name = 'tx_isolation' OR Variable_name = 'transaction_isolation' OR Variable_name = 'character_set_results' OR Variable_name = 'timezone' OR Variable_name = 'time_zone' OR Variable_name = 'system_time_zone' OR Variable_name = 'lower_case_table_names' OR Variable_name = 'max_allowed_packet' OR Variable_name = 'net_buffer_length' OR Variable_name = 'sql_mode' OR Variable_name = 'query_cache_type' OR Variable_name = 'query_cache_size' OR Variable_name = 'init_connect'
[ INFO] [2013-06-26 15:32:29]  [play.Logger] -sql==/* mysql-connector-java-5.1.21 ( Revision: ${bzr.revision-id} ) */SHOW VARIABLES WHERE Variable_name ='language' OR Variable_name = 'net_write_timeout' OR Variable_name = 'interactive_timeout' OR Variable_name = 'wait_timeout' OR Variable_name = 'character_set_client' OR Variable_name = 'character_set_connection' OR Variable_name = 'character_set' OR Variable_name = 'character_set_server' OR Variable_name = 'tx_isolation' OR Variable_name = 'transaction_isolation' OR Variable_name = 'character_set_results' OR Variable_name = 'timezone' OR Variable_name = 'time_zone' OR Variable_name = 'system_time_zone' OR Variable_name = 'lower_case_table_names' OR Variable_name = 'max_allowed_packet' OR Variable_name = 'net_buffer_length' OR Variable_name = 'sql_mode' OR Variable_name = 'query_cache_type' OR Variable_name = 'query_cache_size' OR Variable_name = 'init_connect'
[ INFO] [2013-06-26 15:32:29]  [play.Logger] -sql==/* mysql-connector-java-5.1.21 ( Revision: ${bzr.revision-id} ) */SELECT @@session.auto_increment_increment
[ INFO] [2013-06-26 15:32:29]  [play.Logger] -sql==/* mysql-connector-java-5.1.21 ( Revision: ${bzr.revision-id} ) */SELECT @@session.auto_increment_increment
[ INFO] [2013-06-26 15:32:29]  [play.Logger] -sql==SHOW COLLATION
[ INFO] [2013-06-26 15:32:29]  [play.Logger] -sql==SHOW COLLATION
[ INFO] [2013-06-26 15:32:29]  [play.Logger] -sql==/* mysql-connector-java-5.1.21 ( Revision: ${bzr.revision-id} ) */SHOW VARIABLES WHERE Variable_name ='language' OR Variable_name = 'net_write_timeout' OR Variable_name = 'interactive_timeout' OR Variable_name = 'wait_timeout' OR Variable_name = 'character_set_client' OR Variable_name = 'character_set_connection' OR Variable_name = 'character_set' OR Variable_name = 'character_set_server' OR Variable_name = 'tx_isolation' OR Variable_name = 'transaction_isolation' OR Variable_name = 'character_set_results' OR Variable_name = 'timezone' OR Variable_name = 'time_zone' OR Variable_name = 'system_time_zone' OR Variable_name = 'lower_case_table_names' OR Variable_name = 'max_allowed_packet' OR Variable_name = 'net_buffer_length' OR Variable_name = 'sql_mode' OR Variable_name = 'query_cache_type' OR Variable_name = 'query_cache_size' OR Variable_name = 'init_connect'
[ INFO] [2013-06-26 15:32:29]  [play.Logger] -sql==/* mysql-connector-java-5.1.21 ( Revision: ${bzr.revision-id} ) */SHOW VARIABLES WHERE Variable_name ='language' OR Variable_name = 'net_write_timeout' OR Variable_name = 'interactive_timeout' OR Variable_name = 'wait_timeout' OR Variable_name = 'character_set_client' OR Variable_name = 'character_set_connection' OR Variable_name = 'character_set' OR Variable_name = 'character_set_server' OR Variable_name = 'tx_isolation' OR Variable_name = 'transaction_isolation' OR Variable_name = 'character_set_results' OR Variable_name = 'timezone' OR Variable_name = 'time_zone' OR Variable_name = 'system_time_zone' OR Variable_name = 'lower_case_table_names' OR Variable_name = 'max_allowed_packet' OR Variable_name = 'net_buffer_length' OR Variable_name = 'sql_mode' OR Variable_name = 'query_cache_type' OR Variable_name = 'query_cache_size' OR Variable_name = 'init_connect'
[ INFO] [2013-06-26 15:32:29]  [play.Logger] -sql==/* mysql-connector-java-5.1.21 ( Revision: ${bzr.revision-id} ) */SHOW VARIABLES WHERE Variable_name ='language' OR Variable_name = 'net_write_timeout' OR Variable_name = 'interactive_timeout' OR Variable_name = 'wait_timeout' OR Variable_name = 'character_set_client' OR Variable_name = 'character_set_connection' OR Variable_name = 'character_set' OR Variable_name = 'character_set_server' OR Variable_name = 'tx_isolation' OR Variable_name = 'transaction_isolation' OR Variable_name = 'character_set_results' OR Variable_name = 'timezone' OR Variable_name = 'time_zone' OR Variable_name = 'system_time_zone' OR Variable_name = 'lower_case_table_names' OR Variable_name = 'max_allowed_packet' OR Variable_name = 'net_buffer_length' OR Variable_name = 'sql_mode' OR Variable_name = 'query_cache_type' OR Variable_name = 'query_cache_size' OR Variable_name = 'init_connect'
[ INFO] [2013-06-26 15:32:29]  [play.Logger] -sql==SET character_set_results = NULL
[ INFO] [2013-06-26 15:32:29]  [play.Logger] -sql==/* mysql-connector-java-5.1.21 ( Revision: ${bzr.revision-id} ) */SHOW VARIABLES WHERE Variable_name ='language' OR Variable_name = 'net_write_timeout' OR Variable_name = 'interactive_timeout' OR Variable_name = 'wait_timeout' OR Variable_name = 'character_set_client' OR Variable_name = 'character_set_connection' OR Variable_name = 'character_set' OR Variable_name = 'character_set_server' OR Variable_name = 'tx_isolation' OR Variable_name = 'transaction_isolation' OR Variable_name = 'character_set_results' OR Variable_name = 'timezone' OR Variable_name = 'time_zone' OR Variable_name = 'system_time_zone' OR Variable_name = 'lower_case_table_names' OR Variable_name = 'max_allowed_packet' OR Variable_name = 'net_buffer_length' OR Variable_name = 'sql_mode' OR Variable_name = 'query_cache_type' OR Variable_name = 'query_cache_size' OR Variable_name = 'init_connect'
[ INFO] [2013-06-26 15:32:29]  [play.Logger] -sql==SET character_set_results = NULL
[ INFO] [2013-06-26 15:32:29]  [play.Logger] -sql==SET collation_connection = utf8_general_ci
[ INFO] [2013-06-26 15:32:29]  [play.Logger] -sql==/* mysql-connector-java-5.1.21 ( Revision: ${bzr.revision-id} ) */SELECT @@session.auto_increment_increment
[ INFO] [2013-06-26 15:32:29]  [play.Logger] -sql==/* mysql-connector-java-5.1.21 ( Revision: ${bzr.revision-id} ) */SHOW VARIABLES WHERE Variable_name ='language' OR Variable_name = 'net_write_timeout' OR Variable_name = 'interactive_timeout' OR Variable_name = 'wait_timeout' OR Variable_name = 'character_set_client' OR Variable_name = 'character_set_connection' OR Variable_name = 'character_set' OR Variable_name = 'character_set_server' OR Variable_name = 'tx_isolation' OR Variable_name = 'transaction_isolation' OR Variable_name = 'character_set_results' OR Variable_name = 'timezone' OR Variable_name = 'time_zone' OR Variable_name = 'system_time_zone' OR Variable_name = 'lower_case_table_names' OR Variable_name = 'max_allowed_packet' OR Variable_name = 'net_buffer_length' OR Variable_name = 'sql_mode' OR Variable_name = 'query_cache_type' OR Variable_name = 'query_cache_size' OR Variable_name = 'init_connect'
[ INFO] [2013-06-26 15:32:29]  [play.Logger] -sql==SHOW COLLATION
[ INFO] [2013-06-26 15:32:29]  [play.Logger] -sql==SET collation_connection = utf8_general_ci
[ INFO] [2013-06-26 15:32:29]  [play.Logger] -sql==/* mysql-connector-java-5.1.21 ( Revision: ${bzr.revision-id} ) */SELECT @@session.auto_increment_increment
[ INFO] [2013-06-26 15:32:29]  [play.Logger] -sql==/* mysql-connector-java-5.1.21 ( Revision: ${bzr.revision-id} ) */SELECT @@session.auto_increment_increment
[ INFO] [2013-06-26 15:32:29]  [play.Logger] -sql==SET autocommit=1
[ INFO] [2013-06-26 15:32:29]  [play.Logger] -sql==/* mysql-connector-java-5.1.21 ( Revision: ${bzr.revision-id} ) */SELECT @@session.auto_increment_increment
[ INFO] [2013-06-26 15:32:29]  [play.Logger] -sql==SET sql_mode='STRICT_TRANS_TABLES'
[ INFO] [2013-06-26 15:32:29]  [play.Logger] -sql==SHOW COLLATION
[ INFO] [2013-06-26 15:32:29]  [play.Logger] -sql==SHOW COLLATION
[ INFO] [2013-06-26 15:32:29]  [play.Logger] -sql==SELECT @@session.tx_isolation
[ INFO] [2013-06-26 15:32:29]  [play.Logger] -sql==SET autocommit=1
[ INFO] [2013-06-26 15:32:29]  [play.Logger] -sql==SHOW COLLATION
[ INFO] [2013-06-26 15:32:29]  [play.Logger] -sql==SET sql_mode='STRICT_TRANS_TABLES'
[ INFO] [2013-06-26 15:32:29]  [play.Logger] -sql==SET character_set_results = NULL
[ INFO] [2013-06-26 15:32:29]  [play.Logger] -sql==SELECT @@session.tx_isolation
[ INFO] [2013-06-26 15:32:29]  [play.Logger] -sql==SET character_set_results = NULL
[ INFO] [2013-06-26 15:32:29]  [play.Logger] -sql==SET character_set_results = NULL
[ INFO] [2013-06-26 15:32:29]  [play.Logger] -sql==/* mysql-connector-java-5.1.21 ( Revision: ${bzr.revision-id} ) */SELECT @@session.auto_increment_increment
[ INFO] [2013-06-26 15:32:29]  [play.Logger] -sql==SET collation_connection = utf8_general_ci
[ INFO] [2013-06-26 15:32:29]  [play.Logger] -sql==SET collation_connection = utf8_general_ci
[ INFO] [2013-06-26 15:32:29]  [play.Logger] -sql==SET character_set_results = NULL
[ INFO] [2013-06-26 15:32:29]  [play.Logger] -sql==SET collation_connection = utf8_general_ci
[ INFO] [2013-06-26 15:32:29]  [play.Logger] -sql==SET collation_connection = utf8_general_ci
[ INFO] [2013-06-26 15:32:29]  [play.Logger] -sql==SET autocommit=1
[ INFO] [2013-06-26 15:32:29]  [play.Logger] -sql==SET autocommit=1
[ INFO] [2013-06-26 15:32:29]  [play.Logger] -sql==SET autocommit=1
[ INFO] [2013-06-26 15:32:29]  [play.Logger] -sql==SET sql_mode='STRICT_TRANS_TABLES'
[ INFO] [2013-06-26 15:32:29]  [play.Logger] -sql==SET sql_mode='STRICT_TRANS_TABLES'
[ INFO] [2013-06-26 15:32:29]  [play.Logger] -sql==SET sql_mode='STRICT_TRANS_TABLES'
[ INFO] [2013-06-26 15:32:29]  [play.Logger] -sql==SELECT @@session.tx_isolation
[ INFO] [2013-06-26 15:32:29]  [play.Logger] -sql==SELECT @@session.tx_isolation
[ INFO] [2013-06-26 15:32:29]  [play.Logger] -sql==SELECT @@session.tx_isolation
[ INFO] [2013-06-26 15:32:30]  [play.Logger] -sql==SET autocommit=1
[ INFO] [2013-06-26 15:32:30]  [play.Logger] -sql==SET sql_mode='STRICT_TRANS_TABLES'
[ INFO] [2013-06-26 15:32:30]  [play.Logger] -sql==SELECT @@session.tx_isolation
[ INFO] [2013-06-26 15:32:31]  [play.Logger] -sql==SHOW COLLATION
[ INFO] [2013-06-26 15:32:31]  [play.Logger] -sql==SET character_set_results = NULL
[ INFO] [2013-06-26 15:32:31]  [play.Logger] -sql==SET collation_connection = utf8_general_ci
[ INFO] [2013-06-26 15:32:31]  [play.Logger] -sql==SET autocommit=1
[ INFO] [2013-06-26 15:32:31]  [play.Logger] -sql==SET sql_mode='STRICT_TRANS_TABLES'
[ INFO] [2013-06-26 15:32:31]  [play.Logger] -sql==SELECT @@session.tx_isolation
