[ERROR] [2013-07-30 17:23:57]  [net.sf.ehcache.Cache] -Unable to set localhost. This prevents creation of a GUID. Cause was: Free: Free
java.net.UnknownHostException: Free: Free
	at java.net.InetAddress.getLocalHost(InetAddress.java:1402)
	at net.sf.ehcache.Cache.<clinit>(Cache.java:200)
	at net.sf.ehcache.config.ConfigurationHelper.createCache(ConfigurationHelper.java:302)
	at net.sf.ehcache.config.ConfigurationHelper.createDefaultCache(ConfigurationHelper.java:218)
	at net.sf.ehcache.CacheManager.configure(CacheManager.java:599)
	at net.sf.ehcache.CacheManager.init(CacheManager.java:358)
	at net.sf.ehcache.CacheManager.<init>(CacheManager.java:299)
	at net.sf.ehcache.CacheManager.create(CacheManager.java:697)
	at play.cache.EhCacheImpl.<init>(EhCacheImpl.java:31)
	at play.cache.EhCacheImpl.newInstance(EhCacheImpl.java:41)
	at play.cache.Cache.init(Cache.java:241)
	at play.Play.start(Play.java:521)
	at play.Play.detectChanges(Play.java:629)
	at play.Invoker$Invocation.init(Invoker.java:197)
	at play.server.PlayHandler$NettyInvocation.init(PlayHandler.java:189)
	at play.Invoker$Invocation.run(Invoker.java:274)
	at play.server.PlayHandler$NettyInvocation.run(PlayHandler.java:229)
	at java.util.concurrent.Executors$RunnableAdapter.call(Executors.java:439)
	at java.util.concurrent.FutureTask$Sync.innerRun(FutureTask.java:303)
	at java.util.concurrent.FutureTask.run(FutureTask.java:138)
	at java.util.concurrent.ScheduledThreadPoolExecutor$ScheduledFutureTask.access$301(ScheduledThreadPoolExecutor.java:98)
	at java.util.concurrent.ScheduledThreadPoolExecutor$ScheduledFutureTask.run(ScheduledThreadPoolExecutor.java:206)
	at java.util.concurrent.ThreadPoolExecutor$Worker.runTask(ThreadPoolExecutor.java:895)
	at java.util.concurrent.ThreadPoolExecutor$Worker.run(ThreadPoolExecutor.java:918)
	at java.lang.Thread.run(Thread.java:662)
